{"/Users/luisroman/anzu-backend-kts/src/functions.js": {"path":"/Users/luisroman/anzu-backend-kts/src/functions.js","statementMap":{"0":{"start":{"line":7,"column":18},"end":{"line":7,"column":20}},"1":{"start":{"line":9,"column":2},"end":{"line":58,"column":3}},"2":{"start":{"line":24,"column":8},"end":{"line":24,"column":12}},"3":{"start":{"line":26,"column":23},"end":{"line":56,"column":5}},"4":{"start":{"line":57,"column":4},"end":{"line":57,"column":34}},"5":{"start":{"line":60,"column":2},"end":{"line":60,"column":17}},"6":{"start":{"line":64,"column":0},"end":{"line":66,"column":1}},"7":{"start":{"line":65,"column":2},"end":{"line":65,"column":37}}},"fnMap":{"0":{"name":"insertCards","decl":{"start":{"line":5,"column":22},"end":{"line":5,"column":33}},"loc":{"start":{"line":5,"column":48},"end":{"line":61,"column":1}},"line":5}},"branchMap":{"0":{"loc":{"start":{"line":5,"column":34},"end":{"line":5,"column":46}},"type":"default-arg","locations":[{"start":{"line":5,"column":42},"end":{"line":5,"column":46}}],"line":5},"1":{"loc":{"start":{"line":49,"column":8},"end":{"line":49,"column":19}},"type":"binary-expr","locations":[{"start":{"line":49,"column":8},"end":{"line":49,"column":11}},{"start":{"line":49,"column":15},"end":{"line":49,"column":19}}],"line":49},"2":{"loc":{"start":{"line":50,"column":8},"end":{"line":50,"column":19}},"type":"binary-expr","locations":[{"start":{"line":50,"column":8},"end":{"line":50,"column":11}},{"start":{"line":50,"column":15},"end":{"line":50,"column":19}}],"line":50},"3":{"loc":{"start":{"line":51,"column":8},"end":{"line":51,"column":21}},"type":"binary-expr","locations":[{"start":{"line":51,"column":8},"end":{"line":51,"column":13}},{"start":{"line":51,"column":17},"end":{"line":51,"column":21}}],"line":51},"4":{"loc":{"start":{"line":52,"column":8},"end":{"line":52,"column":25}},"type":"binary-expr","locations":[{"start":{"line":52,"column":8},"end":{"line":52,"column":17}},{"start":{"line":52,"column":21},"end":{"line":52,"column":25}}],"line":52},"5":{"loc":{"start":{"line":53,"column":8},"end":{"line":53,"column":25}},"type":"binary-expr","locations":[{"start":{"line":53,"column":8},"end":{"line":53,"column":17}},{"start":{"line":53,"column":21},"end":{"line":53,"column":25}}],"line":53},"6":{"loc":{"start":{"line":64,"column":0},"end":{"line":66,"column":1}},"type":"if","locations":[{"start":{"line":64,"column":0},"end":{"line":66,"column":1}},{"start":{},"end":{}}],"line":64}},"s":{"0":4,"1":4,"2":5,"3":5,"4":4,"5":3,"6":1,"7":0},"f":{"0":4},"b":{"0":[0],"1":[5,1],"2":[5,1],"3":[5,1],"4":[5,1],"5":[5,4],"6":[0,1]},"_coverageSchema":"1a1c01bbd47fc00a2c39e90264f33305004495a9","hash":"d42ffb8739e43c4dbbaa87aa0f2248e0b2f7a798"}
,"/Users/luisroman/anzu-backend-kts/src/index.js": {"path":"/Users/luisroman/anzu-backend-kts/src/index.js","statementMap":{"0":{"start":{"line":19,"column":0},"end":{"line":19,"column":16}},"1":{"start":{"line":21,"column":12},"end":{"line":21,"column":21}},"2":{"start":{"line":22,"column":18},"end":{"line":22,"column":36}},"3":{"start":{"line":24,"column":0},"end":{"line":45,"column":2}},"4":{"start":{"line":27,"column":22},"end":{"line":30,"column":7}},"5":{"start":{"line":31,"column":6},"end":{"line":40,"column":7}},"6":{"start":{"line":34,"column":10},"end":{"line":34,"column":61}},"7":{"start":{"line":37,"column":8},"end":{"line":37,"column":29}},"8":{"start":{"line":39,"column":8},"end":{"line":39,"column":57}},"9":{"start":{"line":47,"column":0},"end":{"line":64,"column":2}},"10":{"start":{"line":66,"column":0},"end":{"line":66,"column":24}},"11":{"start":{"line":67,"column":0},"end":{"line":67,"column":49}},"12":{"start":{"line":70,"column":0},"end":{"line":70,"column":24}},"13":{"start":{"line":73,"column":0},"end":{"line":73,"column":42}},"14":{"start":{"line":74,"column":0},"end":{"line":74,"column":48}},"15":{"start":{"line":75,"column":0},"end":{"line":75,"column":54}},"16":{"start":{"line":76,"column":0},"end":{"line":76,"column":60}},"17":{"start":{"line":79,"column":0},"end":{"line":79,"column":34}},"18":{"start":{"line":80,"column":0},"end":{"line":80,"column":45}},"19":{"start":{"line":81,"column":0},"end":{"line":81,"column":35}},"20":{"start":{"line":82,"column":0},"end":{"line":82,"column":37}},"21":{"start":{"line":83,"column":0},"end":{"line":83,"column":42}},"22":{"start":{"line":86,"column":0},"end":{"line":91,"column":3}},"23":{"start":{"line":87,"column":2},"end":{"line":87,"column":47}},"24":{"start":{"line":88,"column":2},"end":{"line":90,"column":5}},"25":{"start":{"line":94,"column":15},"end":{"line":94,"column":37}},"26":{"start":{"line":96,"column":0},"end":{"line":100,"column":1}},"27":{"start":{"line":97,"column":2},"end":{"line":99,"column":5}},"28":{"start":{"line":98,"column":4},"end":{"line":98,"column":73}}},"fnMap":{"0":{"name":"(anonymous_0)","decl":{"start":{"line":26,"column":12},"end":{"line":26,"column":13}},"loc":{"start":{"line":26,"column":34},"end":{"line":41,"column":5}},"line":26},"1":{"name":"(anonymous_1)","decl":{"start":{"line":33,"column":21},"end":{"line":33,"column":22}},"loc":{"start":{"line":34,"column":10},"end":{"line":34,"column":61}},"line":34},"2":{"name":"(anonymous_2)","decl":{"start":{"line":86,"column":8},"end":{"line":86,"column":9}},"loc":{"start":{"line":86,"column":33},"end":{"line":91,"column":1}},"line":86},"3":{"name":"(anonymous_3)","decl":{"start":{"line":97,"column":42},"end":{"line":97,"column":43}},"loc":{"start":{"line":97,"column":48},"end":{"line":99,"column":3}},"line":97}},"branchMap":{"0":{"loc":{"start":{"line":31,"column":6},"end":{"line":40,"column":7}},"type":"if","locations":[{"start":{"line":31,"column":6},"end":{"line":40,"column":7}},{"start":{"line":38,"column":13},"end":{"line":40,"column":7}}],"line":31},"1":{"loc":{"start":{"line":32,"column":8},"end":{"line":35,"column":9}},"type":"binary-expr","locations":[{"start":{"line":32,"column":8},"end":{"line":32,"column":15}},{"start":{"line":33,"column":8},"end":{"line":35,"column":9}}],"line":32},"2":{"loc":{"start":{"line":34,"column":10},"end":{"line":34,"column":61}},"type":"cond-expr","locations":[{"start":{"line":34,"column":32},"end":{"line":34,"column":46}},{"start":{"line":34,"column":49},"end":{"line":34,"column":61}}],"line":34},"3":{"loc":{"start":{"line":96,"column":0},"end":{"line":100,"column":1}},"type":"if","locations":[{"start":{"line":96,"column":0},"end":{"line":100,"column":1}},{"start":{},"end":{}}],"line":96},"4":{"loc":{"start":{"line":97,"column":16},"end":{"line":97,"column":40}},"type":"binary-expr","locations":[{"start":{"line":97,"column":16},"end":{"line":97,"column":32}},{"start":{"line":97,"column":36},"end":{"line":97,"column":40}}],"line":97},"5":{"loc":{"start":{"line":98,"column":45},"end":{"line":98,"column":69}},"type":"binary-expr","locations":[{"start":{"line":98,"column":45},"end":{"line":98,"column":61}},{"start":{"line":98,"column":65},"end":{"line":98,"column":69}}],"line":98}},"s":{"0":1,"1":1,"2":1,"3":1,"4":57,"5":57,"6":0,"7":57,"8":0,"9":1,"10":1,"11":1,"12":1,"13":1,"14":1,"15":1,"16":1,"17":1,"18":1,"19":1,"20":1,"21":1,"22":1,"23":0,"24":0,"25":1,"26":1,"27":0,"28":0},"f":{"0":57,"1":0,"2":0,"3":0},"b":{"0":[57,0],"1":[57,0],"2":[0,0],"3":[0,1],"4":[0,0],"5":[0,0]},"_coverageSchema":"1a1c01bbd47fc00a2c39e90264f33305004495a9","hash":"5683cadf3b4ba45809b96e1ad6e10315aca0c410"}
,"/Users/luisroman/anzu-backend-kts/src/routes/cards.routes.js": {"path":"/Users/luisroman/anzu-backend-kts/src/routes/cards.routes.js","statementMap":{"0":{"start":{"line":5,"column":15},"end":{"line":5,"column":23}},"1":{"start":{"line":7,"column":0},"end":{"line":21,"column":3}},"2":{"start":{"line":8,"column":2},"end":{"line":20,"column":3}},"3":{"start":{"line":9,"column":4},"end":{"line":9,"column":28}},"4":{"start":{"line":10,"column":28},"end":{"line":10,"column":72}},"5":{"start":{"line":11,"column":4},"end":{"line":16,"column":7}},"6":{"start":{"line":18,"column":4},"end":{"line":18,"column":55}},"7":{"start":{"line":19,"column":4},"end":{"line":19,"column":49}},"8":{"start":{"line":23,"column":0},"end":{"line":299,"column":3}},"9":{"start":{"line":24,"column":2},"end":{"line":298,"column":3}},"10":{"start":{"line":25,"column":4},"end":{"line":25,"column":28}},"11":{"start":{"line":27,"column":20},"end":{"line":29,"column":5}},"12":{"start":{"line":30,"column":22},"end":{"line":30,"column":39}},"13":{"start":{"line":31,"column":4},"end":{"line":31,"column":68}},"14":{"start":{"line":34,"column":16},"end":{"line":34,"column":18}},"15":{"start":{"line":35,"column":18},"end":{"line":35,"column":20}},"16":{"start":{"line":36,"column":18},"end":{"line":36,"column":20}},"17":{"start":{"line":37,"column":35},"end":{"line":37,"column":37}},"18":{"start":{"line":38,"column":23},"end":{"line":38,"column":25}},"19":{"start":{"line":39,"column":25},"end":{"line":39,"column":27}},"20":{"start":{"line":40,"column":18},"end":{"line":40,"column":20}},"21":{"start":{"line":41,"column":17},"end":{"line":41,"column":19}},"22":{"start":{"line":42,"column":17},"end":{"line":42,"column":19}},"23":{"start":{"line":43,"column":19},"end":{"line":43,"column":21}},"24":{"start":{"line":44,"column":23},"end":{"line":44,"column":25}},"25":{"start":{"line":45,"column":23},"end":{"line":45,"column":25}},"26":{"start":{"line":46,"column":27},"end":{"line":46,"column":29}},"27":{"start":{"line":48,"column":4},"end":{"line":62,"column":5}},"28":{"start":{"line":49,"column":6},"end":{"line":49,"column":24}},"29":{"start":{"line":50,"column":6},"end":{"line":50,"column":28}},"30":{"start":{"line":51,"column":6},"end":{"line":51,"column":28}},"31":{"start":{"line":52,"column":6},"end":{"line":52,"column":62}},"32":{"start":{"line":53,"column":6},"end":{"line":53,"column":38}},"33":{"start":{"line":54,"column":6},"end":{"line":54,"column":35}},"34":{"start":{"line":55,"column":6},"end":{"line":55,"column":28}},"35":{"start":{"line":56,"column":6},"end":{"line":56,"column":34}},"36":{"start":{"line":57,"column":6},"end":{"line":57,"column":34}},"37":{"start":{"line":58,"column":6},"end":{"line":58,"column":38}},"38":{"start":{"line":59,"column":6},"end":{"line":59,"column":46}},"39":{"start":{"line":60,"column":6},"end":{"line":60,"column":46}},"40":{"start":{"line":61,"column":6},"end":{"line":61,"column":47}},"41":{"start":{"line":64,"column":4},"end":{"line":64,"column":55}},"42":{"start":{"line":65,"column":4},"end":{"line":100,"column":6}},"43":{"start":{"line":103,"column":4},"end":{"line":103,"column":65}},"44":{"start":{"line":104,"column":4},"end":{"line":104,"column":76}},"45":{"start":{"line":105,"column":4},"end":{"line":105,"column":80}},"46":{"start":{"line":106,"column":4},"end":{"line":106,"column":77}},"47":{"start":{"line":107,"column":4},"end":{"line":107,"column":77}},"48":{"start":{"line":110,"column":25},"end":{"line":110,"column":27}},"49":{"start":{"line":111,"column":27},"end":{"line":111,"column":29}},"50":{"start":{"line":113,"column":29},"end":{"line":113,"column":31}},"51":{"start":{"line":114,"column":30},"end":{"line":114,"column":32}},"52":{"start":{"line":115,"column":30},"end":{"line":115,"column":32}},"53":{"start":{"line":116,"column":33},"end":{"line":116,"column":35}},"54":{"start":{"line":117,"column":36},"end":{"line":117,"column":38}},"55":{"start":{"line":118,"column":31},"end":{"line":118,"column":33}},"56":{"start":{"line":120,"column":27},"end":{"line":120,"column":29}},"57":{"start":{"line":121,"column":26},"end":{"line":121,"column":28}},"58":{"start":{"line":123,"column":26},"end":{"line":123,"column":28}},"59":{"start":{"line":124,"column":23},"end":{"line":124,"column":25}},"60":{"start":{"line":125,"column":28},"end":{"line":125,"column":30}},"61":{"start":{"line":126,"column":30},"end":{"line":126,"column":32}},"62":{"start":{"line":128,"column":26},"end":{"line":128,"column":28}},"63":{"start":{"line":129,"column":29},"end":{"line":129,"column":31}},"64":{"start":{"line":130,"column":28},"end":{"line":130,"column":30}},"65":{"start":{"line":131,"column":23},"end":{"line":131,"column":25}},"66":{"start":{"line":132,"column":25},"end":{"line":132,"column":27}},"67":{"start":{"line":133,"column":31},"end":{"line":133,"column":33}},"68":{"start":{"line":135,"column":4},"end":{"line":184,"column":5}},"69":{"start":{"line":143,"column":10},"end":{"line":143,"column":14}},"70":{"start":{"line":146,"column":6},"end":{"line":149,"column":7}},"71":{"start":{"line":147,"column":8},"end":{"line":147,"column":30}},"72":{"start":{"line":148,"column":8},"end":{"line":148,"column":31}},"73":{"start":{"line":152,"column":6},"end":{"line":159,"column":7}},"74":{"start":{"line":153,"column":8},"end":{"line":153,"column":34}},"75":{"start":{"line":154,"column":8},"end":{"line":154,"column":45}},"76":{"start":{"line":155,"column":8},"end":{"line":155,"column":45}},"77":{"start":{"line":156,"column":8},"end":{"line":156,"column":50}},"78":{"start":{"line":157,"column":8},"end":{"line":157,"column":66}},"79":{"start":{"line":158,"column":8},"end":{"line":158,"column":64}},"80":{"start":{"line":162,"column":6},"end":{"line":165,"column":7}},"81":{"start":{"line":163,"column":8},"end":{"line":163,"column":32}},"82":{"start":{"line":164,"column":8},"end":{"line":164,"column":57}},"83":{"start":{"line":168,"column":6},"end":{"line":173,"column":7}},"84":{"start":{"line":169,"column":8},"end":{"line":169,"column":31}},"85":{"start":{"line":170,"column":8},"end":{"line":170,"column":39}},"86":{"start":{"line":171,"column":8},"end":{"line":171,"column":58}},"87":{"start":{"line":172,"column":8},"end":{"line":172,"column":62}},"88":{"start":{"line":176,"column":6},"end":{"line":183,"column":7}},"89":{"start":{"line":177,"column":8},"end":{"line":177,"column":31}},"90":{"start":{"line":178,"column":8},"end":{"line":178,"column":71}},"91":{"start":{"line":179,"column":8},"end":{"line":179,"column":69}},"92":{"start":{"line":180,"column":8},"end":{"line":180,"column":59}},"93":{"start":{"line":181,"column":8},"end":{"line":181,"column":63}},"94":{"start":{"line":182,"column":8},"end":{"line":182,"column":75}},"95":{"start":{"line":187,"column":4},"end":{"line":197,"column":5}},"96":{"start":{"line":188,"column":6},"end":{"line":188,"column":77}},"97":{"start":{"line":189,"column":6},"end":{"line":196,"column":8}},"98":{"start":{"line":200,"column":4},"end":{"line":221,"column":5}},"99":{"start":{"line":201,"column":6},"end":{"line":201,"column":75}},"100":{"start":{"line":202,"column":6},"end":{"line":220,"column":8}},"101":{"start":{"line":224,"column":4},"end":{"line":234,"column":5}},"102":{"start":{"line":225,"column":6},"end":{"line":225,"column":76}},"103":{"start":{"line":226,"column":6},"end":{"line":233,"column":8}},"104":{"start":{"line":237,"column":4},"end":{"line":250,"column":5}},"105":{"start":{"line":238,"column":6},"end":{"line":238,"column":71}},"106":{"start":{"line":239,"column":6},"end":{"line":249,"column":8}},"107":{"start":{"line":253,"column":4},"end":{"line":275,"column":5}},"108":{"start":{"line":254,"column":6},"end":{"line":254,"column":70}},"109":{"start":{"line":255,"column":6},"end":{"line":274,"column":8}},"110":{"start":{"line":277,"column":4},"end":{"line":277,"column":29}},"111":{"start":{"line":278,"column":4},"end":{"line":278,"column":53}},"112":{"start":{"line":280,"column":4},"end":{"line":290,"column":7}},"113":{"start":{"line":292,"column":4},"end":{"line":292,"column":31}},"114":{"start":{"line":293,"column":4},"end":{"line":293,"column":56}},"115":{"start":{"line":294,"column":4},"end":{"line":297,"column":7}},"116":{"start":{"line":301,"column":0},"end":{"line":464,"column":3}},"117":{"start":{"line":302,"column":2},"end":{"line":463,"column":3}},"118":{"start":{"line":303,"column":43},"end":{"line":303,"column":52}},"119":{"start":{"line":304,"column":19},"end":{"line":304,"column":53}},"120":{"start":{"line":305,"column":4},"end":{"line":309,"column":5}},"121":{"start":{"line":306,"column":6},"end":{"line":308,"column":61}},"122":{"start":{"line":311,"column":24},"end":{"line":314,"column":5}},"123":{"start":{"line":315,"column":18},"end":{"line":315,"column":53}},"124":{"start":{"line":317,"column":24},"end":{"line":327,"column":5}},"125":{"start":{"line":329,"column":4},"end":{"line":337,"column":5}},"126":{"start":{"line":330,"column":6},"end":{"line":336,"column":9}},"127":{"start":{"line":339,"column":4},"end":{"line":339,"column":70}},"128":{"start":{"line":342,"column":20},"end":{"line":342,"column":59}},"129":{"start":{"line":342,"column":51},"end":{"line":342,"column":58}},"130":{"start":{"line":346,"column":6},"end":{"line":377,"column":8}},"131":{"start":{"line":380,"column":24},"end":{"line":380,"column":26}},"132":{"start":{"line":381,"column":23},"end":{"line":381,"column":25}},"133":{"start":{"line":382,"column":26},"end":{"line":382,"column":28}},"134":{"start":{"line":383,"column":25},"end":{"line":383,"column":27}},"135":{"start":{"line":384,"column":25},"end":{"line":384,"column":27}},"136":{"start":{"line":386,"column":4},"end":{"line":389,"column":7}},"137":{"start":{"line":387,"column":6},"end":{"line":387,"column":67}},"138":{"start":{"line":387,"column":37},"end":{"line":387,"column":67}},"139":{"start":{"line":388,"column":6},"end":{"line":388,"column":51}},"140":{"start":{"line":391,"column":4},"end":{"line":400,"column":7}},"141":{"start":{"line":392,"column":6},"end":{"line":392,"column":65}},"142":{"start":{"line":392,"column":36},"end":{"line":392,"column":65}},"143":{"start":{"line":393,"column":6},"end":{"line":399,"column":9}},"144":{"start":{"line":402,"column":4},"end":{"line":406,"column":7}},"145":{"start":{"line":403,"column":6},"end":{"line":405,"column":8}},"146":{"start":{"line":408,"column":4},"end":{"line":416,"column":7}},"147":{"start":{"line":409,"column":6},"end":{"line":409,"column":69}},"148":{"start":{"line":409,"column":38},"end":{"line":409,"column":69}},"149":{"start":{"line":410,"column":6},"end":{"line":415,"column":9}},"150":{"start":{"line":418,"column":4},"end":{"line":427,"column":7}},"151":{"start":{"line":419,"column":6},"end":{"line":419,"column":69}},"152":{"start":{"line":419,"column":38},"end":{"line":419,"column":69}},"153":{"start":{"line":420,"column":6},"end":{"line":426,"column":9}},"154":{"start":{"line":430,"column":17},"end":{"line":449,"column":7}},"155":{"start":{"line":430,"column":49},"end":{"line":449,"column":5}},"156":{"start":{"line":451,"column":4},"end":{"line":456,"column":7}},"157":{"start":{"line":458,"column":4},"end":{"line":458,"column":54}},"158":{"start":{"line":459,"column":4},"end":{"line":462,"column":7}}},"fnMap":{"0":{"name":"(anonymous_0)","decl":{"start":{"line":7,"column":27},"end":{"line":7,"column":28}},"loc":{"start":{"line":7,"column":47},"end":{"line":21,"column":1}},"line":7},"1":{"name":"(anonymous_1)","decl":{"start":{"line":23,"column":24},"end":{"line":23,"column":25}},"loc":{"start":{"line":23,"column":44},"end":{"line":299,"column":1}},"line":23},"2":{"name":"(anonymous_2)","decl":{"start":{"line":301,"column":27},"end":{"line":301,"column":28}},"loc":{"start":{"line":301,"column":47},"end":{"line":464,"column":1}},"line":301},"3":{"name":"(anonymous_3)","decl":{"start":{"line":342,"column":41},"end":{"line":342,"column":42}},"loc":{"start":{"line":342,"column":51},"end":{"line":342,"column":58}},"line":342},"4":{"name":"(anonymous_4)","decl":{"start":{"line":386,"column":29},"end":{"line":386,"column":30}},"loc":{"start":{"line":386,"column":38},"end":{"line":389,"column":5}},"line":386},"5":{"name":"(anonymous_5)","decl":{"start":{"line":391,"column":28},"end":{"line":391,"column":29}},"loc":{"start":{"line":391,"column":37},"end":{"line":400,"column":5}},"line":391},"6":{"name":"(anonymous_6)","decl":{"start":{"line":402,"column":31},"end":{"line":402,"column":32}},"loc":{"start":{"line":402,"column":40},"end":{"line":406,"column":5}},"line":402},"7":{"name":"(anonymous_7)","decl":{"start":{"line":408,"column":30},"end":{"line":408,"column":31}},"loc":{"start":{"line":408,"column":39},"end":{"line":416,"column":5}},"line":408},"8":{"name":"(anonymous_8)","decl":{"start":{"line":418,"column":30},"end":{"line":418,"column":31}},"loc":{"start":{"line":418,"column":39},"end":{"line":427,"column":5}},"line":418},"9":{"name":"(anonymous_9)","decl":{"start":{"line":430,"column":38},"end":{"line":430,"column":39}},"loc":{"start":{"line":430,"column":49},"end":{"line":449,"column":5}},"line":430}},"branchMap":{"0":{"loc":{"start":{"line":56,"column":16},"end":{"line":56,"column":32}},"type":"binary-expr","locations":[{"start":{"line":56,"column":16},"end":{"line":56,"column":24}},{"start":{"line":56,"column":28},"end":{"line":56,"column":32}}],"line":56},"1":{"loc":{"start":{"line":57,"column":16},"end":{"line":57,"column":32}},"type":"binary-expr","locations":[{"start":{"line":57,"column":16},"end":{"line":57,"column":24}},{"start":{"line":57,"column":28},"end":{"line":57,"column":32}}],"line":57},"2":{"loc":{"start":{"line":58,"column":18},"end":{"line":58,"column":36}},"type":"binary-expr","locations":[{"start":{"line":58,"column":18},"end":{"line":58,"column":28}},{"start":{"line":58,"column":32},"end":{"line":58,"column":36}}],"line":58},"3":{"loc":{"start":{"line":59,"column":22},"end":{"line":59,"column":44}},"type":"binary-expr","locations":[{"start":{"line":59,"column":22},"end":{"line":59,"column":36}},{"start":{"line":59,"column":40},"end":{"line":59,"column":44}}],"line":59},"4":{"loc":{"start":{"line":60,"column":22},"end":{"line":60,"column":44}},"type":"binary-expr","locations":[{"start":{"line":60,"column":22},"end":{"line":60,"column":36}},{"start":{"line":60,"column":40},"end":{"line":60,"column":44}}],"line":60},"5":{"loc":{"start":{"line":138,"column":8},"end":{"line":138,"column":21}},"type":"default-arg","locations":[{"start":{"line":138,"column":19},"end":{"line":138,"column":21}}],"line":138},"6":{"loc":{"start":{"line":139,"column":8},"end":{"line":139,"column":22}},"type":"default-arg","locations":[{"start":{"line":139,"column":20},"end":{"line":139,"column":22}}],"line":139},"7":{"loc":{"start":{"line":141,"column":8},"end":{"line":141,"column":24}},"type":"default-arg","locations":[{"start":{"line":141,"column":22},"end":{"line":141,"column":24}}],"line":141},"8":{"loc":{"start":{"line":142,"column":8},"end":{"line":142,"column":24}},"type":"default-arg","locations":[{"start":{"line":142,"column":22},"end":{"line":142,"column":24}}],"line":142},"9":{"loc":{"start":{"line":157,"column":37},"end":{"line":157,"column":64}},"type":"binary-expr","locations":[{"start":{"line":157,"column":37},"end":{"line":157,"column":56}},{"start":{"line":157,"column":60},"end":{"line":157,"column":64}}],"line":157},"10":{"loc":{"start":{"line":158,"column":32},"end":{"line":158,"column":62}},"type":"binary-expr","locations":[{"start":{"line":158,"column":32},"end":{"line":158,"column":57}},{"start":{"line":158,"column":61},"end":{"line":158,"column":62}}],"line":158},"11":{"loc":{"start":{"line":162,"column":6},"end":{"line":165,"column":7}},"type":"if","locations":[{"start":{"line":162,"column":6},"end":{"line":165,"column":7}},{"start":{},"end":{}}],"line":162},"12":{"loc":{"start":{"line":164,"column":27},"end":{"line":164,"column":55}},"type":"binary-expr","locations":[{"start":{"line":164,"column":27},"end":{"line":164,"column":47}},{"start":{"line":164,"column":51},"end":{"line":164,"column":55}}],"line":164},"13":{"loc":{"start":{"line":171,"column":29},"end":{"line":171,"column":56}},"type":"binary-expr","locations":[{"start":{"line":171,"column":29},"end":{"line":171,"column":48}},{"start":{"line":171,"column":52},"end":{"line":171,"column":56}}],"line":171},"14":{"loc":{"start":{"line":172,"column":31},"end":{"line":172,"column":60}},"type":"binary-expr","locations":[{"start":{"line":172,"column":31},"end":{"line":172,"column":52}},{"start":{"line":172,"column":56},"end":{"line":172,"column":60}}],"line":172},"15":{"loc":{"start":{"line":178,"column":30},"end":{"line":178,"column":69}},"type":"binary-expr","locations":[{"start":{"line":178,"column":30},"end":{"line":178,"column":64}},{"start":{"line":178,"column":68},"end":{"line":178,"column":69}}],"line":178},"16":{"loc":{"start":{"line":179,"column":29},"end":{"line":179,"column":67}},"type":"binary-expr","locations":[{"start":{"line":179,"column":29},"end":{"line":179,"column":62}},{"start":{"line":179,"column":66},"end":{"line":179,"column":67}}],"line":179},"17":{"loc":{"start":{"line":180,"column":24},"end":{"line":180,"column":57}},"type":"binary-expr","locations":[{"start":{"line":180,"column":24},"end":{"line":180,"column":52}},{"start":{"line":180,"column":56},"end":{"line":180,"column":57}}],"line":180},"18":{"loc":{"start":{"line":181,"column":26},"end":{"line":181,"column":61}},"type":"binary-expr","locations":[{"start":{"line":181,"column":26},"end":{"line":181,"column":56}},{"start":{"line":181,"column":60},"end":{"line":181,"column":61}}],"line":181},"19":{"loc":{"start":{"line":182,"column":32},"end":{"line":182,"column":73}},"type":"binary-expr","locations":[{"start":{"line":182,"column":32},"end":{"line":182,"column":68}},{"start":{"line":182,"column":72},"end":{"line":182,"column":73}}],"line":182},"20":{"loc":{"start":{"line":187,"column":4},"end":{"line":197,"column":5}},"type":"if","locations":[{"start":{"line":187,"column":4},"end":{"line":197,"column":5}},{"start":{},"end":{}}],"line":187},"21":{"loc":{"start":{"line":200,"column":4},"end":{"line":221,"column":5}},"type":"if","locations":[{"start":{"line":200,"column":4},"end":{"line":221,"column":5}},{"start":{},"end":{}}],"line":200},"22":{"loc":{"start":{"line":224,"column":4},"end":{"line":234,"column":5}},"type":"if","locations":[{"start":{"line":224,"column":4},"end":{"line":234,"column":5}},{"start":{},"end":{}}],"line":224},"23":{"loc":{"start":{"line":237,"column":4},"end":{"line":250,"column":5}},"type":"if","locations":[{"start":{"line":237,"column":4},"end":{"line":250,"column":5}},{"start":{},"end":{}}],"line":237},"24":{"loc":{"start":{"line":253,"column":4},"end":{"line":275,"column":5}},"type":"if","locations":[{"start":{"line":253,"column":4},"end":{"line":275,"column":5}},{"start":{},"end":{}}],"line":253},"25":{"loc":{"start":{"line":303,"column":18},"end":{"line":303,"column":26}},"type":"default-arg","locations":[{"start":{"line":303,"column":25},"end":{"line":303,"column":26}}],"line":303},"26":{"loc":{"start":{"line":303,"column":28},"end":{"line":303,"column":38}},"type":"default-arg","locations":[{"start":{"line":303,"column":36},"end":{"line":303,"column":38}}],"line":303},"27":{"loc":{"start":{"line":305,"column":4},"end":{"line":309,"column":5}},"type":"if","locations":[{"start":{"line":305,"column":4},"end":{"line":309,"column":5}},{"start":{},"end":{}}],"line":305},"28":{"loc":{"start":{"line":305,"column":8},"end":{"line":305,"column":35}},"type":"binary-expr","locations":[{"start":{"line":305,"column":8},"end":{"line":305,"column":13}},{"start":{"line":305,"column":17},"end":{"line":305,"column":35}}],"line":305},"29":{"loc":{"start":{"line":329,"column":4},"end":{"line":337,"column":5}},"type":"if","locations":[{"start":{"line":329,"column":4},"end":{"line":337,"column":5}},{"start":{},"end":{}}],"line":329},"30":{"loc":{"start":{"line":387,"column":6},"end":{"line":387,"column":67}},"type":"if","locations":[{"start":{"line":387,"column":6},"end":{"line":387,"column":67}},{"start":{},"end":{}}],"line":387},"31":{"loc":{"start":{"line":392,"column":6},"end":{"line":392,"column":65}},"type":"if","locations":[{"start":{"line":392,"column":6},"end":{"line":392,"column":65}},{"start":{},"end":{}}],"line":392},"32":{"loc":{"start":{"line":409,"column":6},"end":{"line":409,"column":69}},"type":"if","locations":[{"start":{"line":409,"column":6},"end":{"line":409,"column":69}},{"start":{},"end":{}}],"line":409},"33":{"loc":{"start":{"line":419,"column":6},"end":{"line":419,"column":69}},"type":"if","locations":[{"start":{"line":419,"column":6},"end":{"line":419,"column":69}},{"start":{},"end":{}}],"line":419},"34":{"loc":{"start":{"line":433,"column":16},"end":{"line":433,"column":42}},"type":"binary-expr","locations":[{"start":{"line":433,"column":16},"end":{"line":433,"column":36}},{"start":{"line":433,"column":40},"end":{"line":433,"column":42}}],"line":433},"35":{"loc":{"start":{"line":445,"column":17},"end":{"line":445,"column":42}},"type":"binary-expr","locations":[{"start":{"line":445,"column":17},"end":{"line":445,"column":36}},{"start":{"line":445,"column":40},"end":{"line":445,"column":42}}],"line":445},"36":{"loc":{"start":{"line":446,"column":20},"end":{"line":446,"column":55}},"type":"binary-expr","locations":[{"start":{"line":446,"column":20},"end":{"line":446,"column":42}},{"start":{"line":446,"column":46},"end":{"line":446,"column":55}}],"line":446},"37":{"loc":{"start":{"line":447,"column":19},"end":{"line":447,"column":46}},"type":"binary-expr","locations":[{"start":{"line":447,"column":19},"end":{"line":447,"column":40}},{"start":{"line":447,"column":44},"end":{"line":447,"column":46}}],"line":447},"38":{"loc":{"start":{"line":448,"column":19},"end":{"line":448,"column":46}},"type":"binary-expr","locations":[{"start":{"line":448,"column":19},"end":{"line":448,"column":40}},{"start":{"line":448,"column":44},"end":{"line":448,"column":46}}],"line":448}},"s":{"0":1,"1":1,"2":2,"3":2,"4":2,"5":1,"6":1,"7":1,"8":1,"9":1,"10":1,"11":1,"12":1,"13":1,"14":1,"15":1,"16":1,"17":1,"18":1,"19":1,"20":1,"21":1,"22":1,"23":1,"24":1,"25":1,"26":1,"27":1,"28":14341,"29":14341,"30":14341,"31":14341,"32":14341,"33":14341,"34":14341,"35":14341,"36":14341,"37":14341,"38":14341,"39":14341,"40":14341,"41":1,"42":1,"43":1,"44":1,"45":1,"46":1,"47":1,"48":1,"49":1,"50":1,"51":1,"52":1,"53":1,"54":1,"55":1,"56":1,"57":1,"58":1,"59":1,"60":1,"61":1,"62":1,"63":1,"64":1,"65":1,"66":1,"67":1,"68":1,"69":14341,"70":14341,"71":21992,"72":21992,"73":14341,"74":43141,"75":43141,"76":43141,"77":43141,"78":43141,"79":43141,"80":14341,"81":308,"82":308,"83":14341,"84":14505,"85":14505,"86":14505,"87":14505,"88":14341,"89":14341,"90":14341,"91":14341,"92":14341,"93":14341,"94":14341,"95":1,"96":1,"97":1,"98":1,"99":1,"100":1,"101":1,"102":1,"103":1,"104":1,"105":1,"106":1,"107":1,"108":1,"109":1,"110":1,"111":1,"112":1,"113":0,"114":0,"115":0,"116":1,"117":3,"118":3,"119":3,"120":3,"121":1,"122":2,"123":2,"124":2,"125":2,"126":1,"127":1,"128":1,"129":1,"130":1,"131":1,"132":1,"133":1,"134":1,"135":1,"136":1,"137":0,"138":0,"139":0,"140":1,"141":0,"142":0,"143":0,"144":1,"145":0,"146":1,"147":0,"148":0,"149":0,"150":1,"151":0,"152":0,"153":0,"154":1,"155":1,"156":1,"157":0,"158":0},"f":{"0":2,"1":1,"2":3,"3":1,"4":0,"5":0,"6":0,"7":0,"8":0,"9":1},"b":{"0":[14341,5122],"1":[14341,5584],"2":[14341,5478],"3":[14341,5122],"4":[14341,5704],"5":[5121],"6":[538],"7":[0],"8":[0],"9":[43141,1298],"10":[43141,30471],"11":[308,14033],"12":[308,119],"13":[14505,0],"14":[14505,0],"15":[14341,575],"16":[14341,525],"17":[14341,2098],"18":[14341,2389],"19":[14341,2065],"20":[1,0],"21":[1,0],"22":[1,0],"23":[1,0],"24":[1,0],"25":[3],"26":[3],"27":[1,2],"28":[3,2],"29":[1,1],"30":[0,0],"31":[0,0],"32":[0,0],"33":[0,0],"34":[1,1],"35":[1,1],"36":[1,1],"37":[1,1],"38":[1,1]},"_coverageSchema":"1a1c01bbd47fc00a2c39e90264f33305004495a9","hash":"34d84aa6284bd334189bf9f6b9470c4fe4b4087d"}
,"/Users/luisroman/anzu-backend-kts/src/routes/inventory.routes.js": {"path":"/Users/luisroman/anzu-backend-kts/src/routes/inventory.routes.js","statementMap":{"0":{"start":{"line":11,"column":15},"end":{"line":11,"column":23}},"1":{"start":{"line":14,"column":0},"end":{"line":72,"column":3}},"2":{"start":{"line":15,"column":2},"end":{"line":71,"column":3}},"3":{"start":{"line":17,"column":6},"end":{"line":17,"column":14}},"4":{"start":{"line":20,"column":22},"end":{"line":23,"column":5}},"5":{"start":{"line":25,"column":4},"end":{"line":29,"column":5}},"6":{"start":{"line":26,"column":6},"end":{"line":28,"column":9}},"7":{"start":{"line":31,"column":19},"end":{"line":58,"column":5}},"8":{"start":{"line":60,"column":4},"end":{"line":64,"column":7}},"9":{"start":{"line":66,"column":4},"end":{"line":66,"column":68}},"10":{"start":{"line":67,"column":4},"end":{"line":70,"column":7}},"11":{"start":{"line":75,"column":0},"end":{"line":163,"column":3}},"12":{"start":{"line":76,"column":2},"end":{"line":162,"column":3}},"13":{"start":{"line":77,"column":58},"end":{"line":77,"column":67}},"14":{"start":{"line":79,"column":16},"end":{"line":102,"column":5}},"15":{"start":{"line":104,"column":19},"end":{"line":104,"column":41}},"16":{"start":{"line":105,"column":21},"end":{"line":105,"column":22}},"17":{"start":{"line":108,"column":4},"end":{"line":112,"column":5}},"18":{"start":{"line":109,"column":6},"end":{"line":109,"column":51}},"19":{"start":{"line":110,"column":6},"end":{"line":110,"column":29}},"20":{"start":{"line":111,"column":6},"end":{"line":111,"column":19}},"21":{"start":{"line":114,"column":4},"end":{"line":118,"column":5}},"22":{"start":{"line":115,"column":6},"end":{"line":115,"column":48}},"23":{"start":{"line":116,"column":6},"end":{"line":116,"column":26}},"24":{"start":{"line":117,"column":6},"end":{"line":117,"column":19}},"25":{"start":{"line":120,"column":4},"end":{"line":124,"column":5}},"26":{"start":{"line":121,"column":6},"end":{"line":121,"column":50}},"27":{"start":{"line":122,"column":6},"end":{"line":122,"column":33}},"28":{"start":{"line":123,"column":6},"end":{"line":123,"column":19}},"29":{"start":{"line":127,"column":24},"end":{"line":127,"column":68}},"30":{"start":{"line":128,"column":23},"end":{"line":128,"column":67}},"31":{"start":{"line":130,"column":4},"end":{"line":136,"column":5}},"32":{"start":{"line":131,"column":6},"end":{"line":131,"column":38}},"33":{"start":{"line":132,"column":11},"end":{"line":136,"column":5}},"34":{"start":{"line":133,"column":6},"end":{"line":133,"column":45}},"35":{"start":{"line":135,"column":6},"end":{"line":135,"column":48}},"36":{"start":{"line":138,"column":19},"end":{"line":138,"column":48}},"37":{"start":{"line":141,"column":24},"end":{"line":150,"column":5}},"38":{"start":{"line":152,"column":4},"end":{"line":155,"column":7}},"39":{"start":{"line":157,"column":4},"end":{"line":157,"column":59}},"40":{"start":{"line":158,"column":4},"end":{"line":161,"column":7}},"41":{"start":{"line":166,"column":0},"end":{"line":220,"column":3}},"42":{"start":{"line":167,"column":2},"end":{"line":219,"column":3}},"43":{"start":{"line":168,"column":24},"end":{"line":168,"column":34}},"44":{"start":{"line":169,"column":46},"end":{"line":169,"column":55}},"45":{"start":{"line":171,"column":16},"end":{"line":174,"column":5}},"46":{"start":{"line":176,"column":19},"end":{"line":176,"column":28}},"47":{"start":{"line":177,"column":21},"end":{"line":177,"column":22}},"48":{"start":{"line":179,"column":4},"end":{"line":183,"column":5}},"49":{"start":{"line":180,"column":6},"end":{"line":180,"column":49}},"50":{"start":{"line":181,"column":6},"end":{"line":181,"column":29}},"51":{"start":{"line":182,"column":6},"end":{"line":182,"column":19}},"52":{"start":{"line":185,"column":4},"end":{"line":189,"column":5}},"53":{"start":{"line":186,"column":6},"end":{"line":186,"column":46}},"54":{"start":{"line":187,"column":6},"end":{"line":187,"column":26}},"55":{"start":{"line":188,"column":6},"end":{"line":188,"column":19}},"56":{"start":{"line":191,"column":4},"end":{"line":195,"column":5}},"57":{"start":{"line":192,"column":6},"end":{"line":192,"column":47}},"58":{"start":{"line":193,"column":6},"end":{"line":193,"column":42}},"59":{"start":{"line":194,"column":6},"end":{"line":194,"column":19}},"60":{"start":{"line":197,"column":4},"end":{"line":197,"column":47}},"61":{"start":{"line":199,"column":19},"end":{"line":199,"column":48}},"62":{"start":{"line":201,"column":4},"end":{"line":206,"column":5}},"63":{"start":{"line":202,"column":6},"end":{"line":205,"column":9}},"64":{"start":{"line":208,"column":4},"end":{"line":212,"column":7}},"65":{"start":{"line":214,"column":4},"end":{"line":214,"column":53}},"66":{"start":{"line":215,"column":4},"end":{"line":218,"column":7}},"67":{"start":{"line":223,"column":0},"end":{"line":249,"column":3}},"68":{"start":{"line":224,"column":2},"end":{"line":248,"column":3}},"69":{"start":{"line":225,"column":23},"end":{"line":225,"column":33}},"70":{"start":{"line":226,"column":27},"end":{"line":226,"column":36}},"71":{"start":{"line":228,"column":19},"end":{"line":236,"column":5}},"72":{"start":{"line":238,"column":4},"end":{"line":241,"column":7}},"73":{"start":{"line":243,"column":4},"end":{"line":243,"column":58}},"74":{"start":{"line":244,"column":4},"end":{"line":247,"column":7}},"75":{"start":{"line":252,"column":0},"end":{"line":297,"column":3}},"76":{"start":{"line":253,"column":2},"end":{"line":296,"column":3}},"77":{"start":{"line":254,"column":28},"end":{"line":254,"column":38}},"78":{"start":{"line":255,"column":23},"end":{"line":255,"column":32}},"79":{"start":{"line":257,"column":16},"end":{"line":260,"column":5}},"80":{"start":{"line":262,"column":19},"end":{"line":262,"column":32}},"81":{"start":{"line":264,"column":4},"end":{"line":267,"column":5}},"82":{"start":{"line":265,"column":6},"end":{"line":265,"column":41}},"83":{"start":{"line":266,"column":6},"end":{"line":266,"column":33}},"84":{"start":{"line":269,"column":4},"end":{"line":269,"column":39}},"85":{"start":{"line":271,"column":19},"end":{"line":271,"column":48}},"86":{"start":{"line":273,"column":4},"end":{"line":278,"column":5}},"87":{"start":{"line":274,"column":6},"end":{"line":277,"column":9}},"88":{"start":{"line":280,"column":4},"end":{"line":289,"column":7}},"89":{"start":{"line":291,"column":4},"end":{"line":291,"column":72}},"90":{"start":{"line":292,"column":4},"end":{"line":295,"column":7}},"91":{"start":{"line":300,"column":0},"end":{"line":348,"column":2}},"92":{"start":{"line":305,"column":4},"end":{"line":346,"column":5}},"93":{"start":{"line":306,"column":32},"end":{"line":306,"column":42}},"94":{"start":{"line":307,"column":70},"end":{"line":307,"column":78}},"95":{"start":{"line":310,"column":26},"end":{"line":313,"column":7}},"96":{"start":{"line":315,"column":6},"end":{"line":319,"column":7}},"97":{"start":{"line":316,"column":8},"end":{"line":318,"column":11}},"98":{"start":{"line":321,"column":21},"end":{"line":334,"column":7}},"99":{"start":{"line":336,"column":6},"end":{"line":339,"column":9}},"100":{"start":{"line":341,"column":6},"end":{"line":341,"column":64}},"101":{"start":{"line":342,"column":6},"end":{"line":345,"column":9}},"102":{"start":{"line":351,"column":0},"end":{"line":381,"column":2}},"103":{"start":{"line":355,"column":4},"end":{"line":379,"column":5}},"104":{"start":{"line":356,"column":32},"end":{"line":356,"column":42}},"105":{"start":{"line":358,"column":21},"end":{"line":361,"column":7}},"106":{"start":{"line":363,"column":6},"end":{"line":367,"column":7}},"107":{"start":{"line":364,"column":8},"end":{"line":366,"column":11}},"108":{"start":{"line":369,"column":6},"end":{"line":372,"column":9}},"109":{"start":{"line":374,"column":6},"end":{"line":374,"column":66}},"110":{"start":{"line":375,"column":6},"end":{"line":378,"column":9}},"111":{"start":{"line":384,"column":0},"end":{"line":443,"column":3}},"112":{"start":{"line":385,"column":17},"end":{"line":385,"column":35}},"113":{"start":{"line":387,"column":2},"end":{"line":442,"column":3}},"114":{"start":{"line":388,"column":23},"end":{"line":388,"column":31}},"115":{"start":{"line":390,"column":4},"end":{"line":390,"column":32}},"116":{"start":{"line":392,"column":23},"end":{"line":392,"column":25}},"117":{"start":{"line":394,"column":4},"end":{"line":425,"column":5}},"118":{"start":{"line":396,"column":8},"end":{"line":396,"column":13}},"119":{"start":{"line":398,"column":6},"end":{"line":398,"column":29}},"120":{"start":{"line":398,"column":20},"end":{"line":398,"column":29}},"121":{"start":{"line":400,"column":21},"end":{"line":422,"column":7}},"122":{"start":{"line":424,"column":6},"end":{"line":424,"column":38}},"123":{"start":{"line":427,"column":4},"end":{"line":427,"column":33}},"124":{"start":{"line":429,"column":4},"end":{"line":432,"column":7}},"125":{"start":{"line":434,"column":4},"end":{"line":434,"column":35}},"126":{"start":{"line":435,"column":4},"end":{"line":435,"column":67}},"127":{"start":{"line":436,"column":4},"end":{"line":439,"column":7}},"128":{"start":{"line":441,"column":4},"end":{"line":441,"column":21}}},"fnMap":{"0":{"name":"(anonymous_0)","decl":{"start":{"line":14,"column":74},"end":{"line":14,"column":75}},"loc":{"start":{"line":14,"column":94},"end":{"line":72,"column":1}},"line":14},"1":{"name":"(anonymous_1)","decl":{"start":{"line":75,"column":56},"end":{"line":75,"column":57}},"loc":{"start":{"line":75,"column":76},"end":{"line":163,"column":1}},"line":75},"2":{"name":"(anonymous_2)","decl":{"start":{"line":166,"column":42},"end":{"line":166,"column":43}},"loc":{"start":{"line":166,"column":62},"end":{"line":220,"column":1}},"line":166},"3":{"name":"(anonymous_3)","decl":{"start":{"line":223,"column":48},"end":{"line":223,"column":49}},"loc":{"start":{"line":223,"column":68},"end":{"line":249,"column":1}},"line":223},"4":{"name":"(anonymous_4)","decl":{"start":{"line":252,"column":48},"end":{"line":252,"column":49}},"loc":{"start":{"line":252,"column":68},"end":{"line":297,"column":1}},"line":252},"5":{"name":"(anonymous_5)","decl":{"start":{"line":304,"column":2},"end":{"line":304,"column":3}},"loc":{"start":{"line":304,"column":22},"end":{"line":347,"column":3}},"line":304},"6":{"name":"(anonymous_6)","decl":{"start":{"line":354,"column":2},"end":{"line":354,"column":3}},"loc":{"start":{"line":354,"column":22},"end":{"line":380,"column":3}},"line":354},"7":{"name":"(anonymous_7)","decl":{"start":{"line":384,"column":80},"end":{"line":384,"column":81}},"loc":{"start":{"line":384,"column":100},"end":{"line":443,"column":1}},"line":384}},"branchMap":{"0":{"loc":{"start":{"line":25,"column":4},"end":{"line":29,"column":5}},"type":"if","locations":[{"start":{"line":25,"column":4},"end":{"line":29,"column":5}},{"start":{},"end":{}}],"line":25},"1":{"loc":{"start":{"line":51,"column":8},"end":{"line":51,"column":21}},"type":"binary-expr","locations":[{"start":{"line":51,"column":8},"end":{"line":51,"column":16}},{"start":{"line":51,"column":20},"end":{"line":51,"column":21}}],"line":51},"2":{"loc":{"start":{"line":52,"column":8},"end":{"line":52,"column":22}},"type":"binary-expr","locations":[{"start":{"line":52,"column":8},"end":{"line":52,"column":14}},{"start":{"line":52,"column":18},"end":{"line":52,"column":22}}],"line":52},"3":{"loc":{"start":{"line":53,"column":8},"end":{"line":53,"column":32}},"type":"binary-expr","locations":[{"start":{"line":53,"column":8},"end":{"line":53,"column":17}},{"start":{"line":53,"column":21},"end":{"line":53,"column":32}}],"line":53},"4":{"loc":{"start":{"line":54,"column":8},"end":{"line":54,"column":26}},"type":"binary-expr","locations":[{"start":{"line":54,"column":8},"end":{"line":54,"column":14}},{"start":{"line":54,"column":18},"end":{"line":54,"column":26}}],"line":54},"5":{"loc":{"start":{"line":55,"column":8},"end":{"line":55,"column":23}},"type":"binary-expr","locations":[{"start":{"line":55,"column":8},"end":{"line":55,"column":15}},{"start":{"line":55,"column":19},"end":{"line":55,"column":23}}],"line":55},"6":{"loc":{"start":{"line":56,"column":8},"end":{"line":56,"column":21}},"type":"binary-expr","locations":[{"start":{"line":56,"column":8},"end":{"line":56,"column":13}},{"start":{"line":56,"column":17},"end":{"line":56,"column":21}}],"line":56},"7":{"loc":{"start":{"line":77,"column":39},"end":{"line":77,"column":53}},"type":"default-arg","locations":[{"start":{"line":77,"column":47},"end":{"line":77,"column":53}}],"line":77},"8":{"loc":{"start":{"line":108,"column":4},"end":{"line":112,"column":5}},"type":"if","locations":[{"start":{"line":108,"column":4},"end":{"line":112,"column":5}},{"start":{},"end":{}}],"line":108},"9":{"loc":{"start":{"line":114,"column":4},"end":{"line":118,"column":5}},"type":"if","locations":[{"start":{"line":114,"column":4},"end":{"line":118,"column":5}},{"start":{},"end":{}}],"line":114},"10":{"loc":{"start":{"line":120,"column":4},"end":{"line":124,"column":5}},"type":"if","locations":[{"start":{"line":120,"column":4},"end":{"line":124,"column":5}},{"start":{},"end":{}}],"line":120},"11":{"loc":{"start":{"line":128,"column":23},"end":{"line":128,"column":67}},"type":"cond-expr","locations":[{"start":{"line":128,"column":53},"end":{"line":128,"column":58}},{"start":{"line":128,"column":61},"end":{"line":128,"column":67}}],"line":128},"12":{"loc":{"start":{"line":130,"column":4},"end":{"line":136,"column":5}},"type":"if","locations":[{"start":{"line":130,"column":4},"end":{"line":136,"column":5}},{"start":{"line":132,"column":11},"end":{"line":136,"column":5}}],"line":130},"13":{"loc":{"start":{"line":132,"column":11},"end":{"line":136,"column":5}},"type":"if","locations":[{"start":{"line":132,"column":11},"end":{"line":136,"column":5}},{"start":{"line":134,"column":11},"end":{"line":136,"column":5}}],"line":132},"14":{"loc":{"start":{"line":179,"column":4},"end":{"line":183,"column":5}},"type":"if","locations":[{"start":{"line":179,"column":4},"end":{"line":183,"column":5}},{"start":{},"end":{}}],"line":179},"15":{"loc":{"start":{"line":185,"column":4},"end":{"line":189,"column":5}},"type":"if","locations":[{"start":{"line":185,"column":4},"end":{"line":189,"column":5}},{"start":{},"end":{}}],"line":185},"16":{"loc":{"start":{"line":191,"column":4},"end":{"line":195,"column":5}},"type":"if","locations":[{"start":{"line":191,"column":4},"end":{"line":195,"column":5}},{"start":{},"end":{}}],"line":191},"17":{"loc":{"start":{"line":201,"column":4},"end":{"line":206,"column":5}},"type":"if","locations":[{"start":{"line":201,"column":4},"end":{"line":206,"column":5}},{"start":{},"end":{}}],"line":201},"18":{"loc":{"start":{"line":226,"column":12},"end":{"line":226,"column":22}},"type":"default-arg","locations":[{"start":{"line":226,"column":20},"end":{"line":226,"column":22}}],"line":226},"19":{"loc":{"start":{"line":264,"column":4},"end":{"line":267,"column":5}},"type":"if","locations":[{"start":{"line":264,"column":4},"end":{"line":267,"column":5}},{"start":{},"end":{}}],"line":264},"20":{"loc":{"start":{"line":273,"column":4},"end":{"line":278,"column":5}},"type":"if","locations":[{"start":{"line":273,"column":4},"end":{"line":278,"column":5}},{"start":{},"end":{}}],"line":273},"21":{"loc":{"start":{"line":315,"column":6},"end":{"line":319,"column":7}},"type":"if","locations":[{"start":{"line":315,"column":6},"end":{"line":319,"column":7}},{"start":{},"end":{}}],"line":315},"22":{"loc":{"start":{"line":363,"column":6},"end":{"line":367,"column":7}},"type":"if","locations":[{"start":{"line":363,"column":6},"end":{"line":367,"column":7}},{"start":{},"end":{}}],"line":363},"23":{"loc":{"start":{"line":398,"column":6},"end":{"line":398,"column":29}},"type":"if","locations":[{"start":{"line":398,"column":6},"end":{"line":398,"column":29}},{"start":{},"end":{}}],"line":398},"24":{"loc":{"start":{"line":415,"column":10},"end":{"line":415,"column":23}},"type":"binary-expr","locations":[{"start":{"line":415,"column":10},"end":{"line":415,"column":18}},{"start":{"line":415,"column":22},"end":{"line":415,"column":23}}],"line":415},"25":{"loc":{"start":{"line":416,"column":10},"end":{"line":416,"column":24}},"type":"binary-expr","locations":[{"start":{"line":416,"column":10},"end":{"line":416,"column":16}},{"start":{"line":416,"column":20},"end":{"line":416,"column":24}}],"line":416},"26":{"loc":{"start":{"line":417,"column":10},"end":{"line":417,"column":34}},"type":"binary-expr","locations":[{"start":{"line":417,"column":10},"end":{"line":417,"column":19}},{"start":{"line":417,"column":23},"end":{"line":417,"column":34}}],"line":417},"27":{"loc":{"start":{"line":418,"column":10},"end":{"line":418,"column":28}},"type":"binary-expr","locations":[{"start":{"line":418,"column":10},"end":{"line":418,"column":16}},{"start":{"line":418,"column":20},"end":{"line":418,"column":28}}],"line":418},"28":{"loc":{"start":{"line":419,"column":10},"end":{"line":419,"column":25}},"type":"binary-expr","locations":[{"start":{"line":419,"column":10},"end":{"line":419,"column":17}},{"start":{"line":419,"column":21},"end":{"line":419,"column":25}}],"line":419},"29":{"loc":{"start":{"line":420,"column":10},"end":{"line":420,"column":23}},"type":"binary-expr","locations":[{"start":{"line":420,"column":10},"end":{"line":420,"column":15}},{"start":{"line":420,"column":19},"end":{"line":420,"column":23}}],"line":420}},"s":{"0":1,"1":1,"2":2,"3":2,"4":2,"5":2,"6":1,"7":1,"8":1,"9":0,"10":0,"11":1,"12":1,"13":1,"14":1,"15":1,"16":1,"17":1,"18":0,"19":0,"20":0,"21":1,"22":0,"23":0,"24":0,"25":1,"26":0,"27":0,"28":0,"29":1,"30":1,"31":1,"32":1,"33":0,"34":0,"35":0,"36":1,"37":1,"38":1,"39":0,"40":0,"41":1,"42":2,"43":2,"44":2,"45":2,"46":2,"47":2,"48":2,"49":0,"50":0,"51":0,"52":2,"53":0,"54":0,"55":0,"56":2,"57":1,"58":1,"59":1,"60":2,"61":2,"62":2,"63":1,"64":1,"65":0,"66":0,"67":1,"68":1,"69":1,"70":1,"71":1,"72":1,"73":0,"74":0,"75":1,"76":2,"77":2,"78":2,"79":2,"80":2,"81":2,"82":1,"83":1,"84":2,"85":2,"86":2,"87":1,"88":1,"89":0,"90":0,"91":1,"92":2,"93":2,"94":2,"95":2,"96":2,"97":1,"98":1,"99":1,"100":0,"101":0,"102":1,"103":2,"104":2,"105":2,"106":2,"107":1,"108":1,"109":0,"110":0,"111":1,"112":1,"113":1,"114":1,"115":1,"116":1,"117":1,"118":2,"119":2,"120":0,"121":2,"122":2,"123":1,"124":1,"125":0,"126":0,"127":0,"128":1},"f":{"0":2,"1":1,"2":2,"3":1,"4":2,"5":2,"6":2,"7":1},"b":{"0":[1,1],"1":[1,0],"2":[1,1],"3":[1,0],"4":[1,0],"5":[1,1],"6":[1,1],"7":[1],"8":[0,1],"9":[0,1],"10":[0,1],"11":[1,0],"12":[1,0],"13":[0,0],"14":[0,2],"15":[0,2],"16":[1,1],"17":[1,1],"18":[0],"19":[1,1],"20":[1,1],"21":[1,1],"22":[1,1],"23":[0,2],"24":[2,0],"25":[2,2],"26":[2,0],"27":[2,0],"28":[2,2],"29":[2,2]},"_coverageSchema":"1a1c01bbd47fc00a2c39e90264f33305004495a9","hash":"f0afd7c2d5813257f9baa97dea910ab1dd0b4042"}
,"/Users/luisroman/anzu-backend-kts/src/routes/seller.routes.js": {"path":"/Users/luisroman/anzu-backend-kts/src/routes/seller.routes.js","statementMap":{"0":{"start":{"line":15,"column":15},"end":{"line":15,"column":23}},"1":{"start":{"line":17,"column":20},"end":{"line":17,"column":22}},"2":{"start":{"line":18,"column":27},"end":{"line":18,"column":28}},"3":{"start":{"line":19,"column":18},"end":{"line":19,"column":32}},"4":{"start":{"line":22,"column":0},"end":{"line":107,"column":3}},"5":{"start":{"line":23,"column":2},"end":{"line":106,"column":3}},"6":{"start":{"line":35,"column":8},"end":{"line":35,"column":16}},"7":{"start":{"line":38,"column":25},"end":{"line":38,"column":65}},"8":{"start":{"line":40,"column":19},"end":{"line":62,"column":5}},"9":{"start":{"line":64,"column":21},"end":{"line":64,"column":35}},"10":{"start":{"line":67,"column":18},"end":{"line":74,"column":5}},"11":{"start":{"line":76,"column":4},"end":{"line":80,"column":7}},"12":{"start":{"line":82,"column":4},"end":{"line":82,"column":59}},"13":{"start":{"line":84,"column":4},"end":{"line":100,"column":5}},"14":{"start":{"line":85,"column":6},"end":{"line":89,"column":7}},"15":{"start":{"line":86,"column":8},"end":{"line":88,"column":11}},"16":{"start":{"line":90,"column":6},"end":{"line":94,"column":7}},"17":{"start":{"line":91,"column":8},"end":{"line":93,"column":11}},"18":{"start":{"line":95,"column":6},"end":{"line":99,"column":7}},"19":{"start":{"line":96,"column":8},"end":{"line":98,"column":11}},"20":{"start":{"line":102,"column":4},"end":{"line":105,"column":7}},"21":{"start":{"line":110,"column":0},"end":{"line":221,"column":3}},"22":{"start":{"line":111,"column":2},"end":{"line":220,"column":3}},"23":{"start":{"line":112,"column":33},"end":{"line":112,"column":41}},"24":{"start":{"line":115,"column":19},"end":{"line":118,"column":5}},"25":{"start":{"line":120,"column":4},"end":{"line":124,"column":5}},"26":{"start":{"line":121,"column":6},"end":{"line":123,"column":9}},"27":{"start":{"line":126,"column":21},"end":{"line":126,"column":35}},"28":{"start":{"line":129,"column":4},"end":{"line":139,"column":5}},"29":{"start":{"line":133,"column":31},"end":{"line":135,"column":7}},"30":{"start":{"line":136,"column":6},"end":{"line":138,"column":9}},"31":{"start":{"line":142,"column":4},"end":{"line":146,"column":5}},"32":{"start":{"line":143,"column":6},"end":{"line":145,"column":9}},"33":{"start":{"line":149,"column":26},"end":{"line":152,"column":5}},"34":{"start":{"line":154,"column":4},"end":{"line":184,"column":5}},"35":{"start":{"line":156,"column":29},"end":{"line":156,"column":59}},"36":{"start":{"line":157,"column":27},"end":{"line":157,"column":31}},"37":{"start":{"line":159,"column":6},"end":{"line":171,"column":7}},"38":{"start":{"line":160,"column":8},"end":{"line":160,"column":58}},"39":{"start":{"line":161,"column":8},"end":{"line":166,"column":10}},"40":{"start":{"line":168,"column":8},"end":{"line":170,"column":11}},"41":{"start":{"line":173,"column":6},"end":{"line":178,"column":8}},"42":{"start":{"line":180,"column":6},"end":{"line":183,"column":9}},"43":{"start":{"line":187,"column":4},"end":{"line":192,"column":6}},"44":{"start":{"line":195,"column":18},"end":{"line":202,"column":5}},"45":{"start":{"line":205,"column":4},"end":{"line":205,"column":34}},"46":{"start":{"line":206,"column":4},"end":{"line":206,"column":38}},"47":{"start":{"line":207,"column":4},"end":{"line":207,"column":36}},"48":{"start":{"line":209,"column":4},"end":{"line":213,"column":7}},"49":{"start":{"line":215,"column":4},"end":{"line":215,"column":46}},"50":{"start":{"line":216,"column":4},"end":{"line":219,"column":7}},"51":{"start":{"line":224,"column":0},"end":{"line":251,"column":3}},"52":{"start":{"line":225,"column":2},"end":{"line":250,"column":3}},"53":{"start":{"line":226,"column":19},"end":{"line":233,"column":5}},"54":{"start":{"line":235,"column":4},"end":{"line":239,"column":5}},"55":{"start":{"line":236,"column":6},"end":{"line":238,"column":9}},"56":{"start":{"line":241,"column":4},"end":{"line":243,"column":7}},"57":{"start":{"line":245,"column":4},"end":{"line":245,"column":55}},"58":{"start":{"line":246,"column":4},"end":{"line":249,"column":7}},"59":{"start":{"line":254,"column":0},"end":{"line":301,"column":3}},"60":{"start":{"line":255,"column":2},"end":{"line":300,"column":3}},"61":{"start":{"line":264,"column":8},"end":{"line":264,"column":16}},"62":{"start":{"line":266,"column":19},"end":{"line":288,"column":5}},"63":{"start":{"line":290,"column":4},"end":{"line":293,"column":7}},"64":{"start":{"line":295,"column":4},"end":{"line":295,"column":58}},"65":{"start":{"line":296,"column":4},"end":{"line":299,"column":7}},"66":{"start":{"line":304,"column":0},"end":{"line":351,"column":2}},"67":{"start":{"line":309,"column":4},"end":{"line":349,"column":5}},"68":{"start":{"line":310,"column":50},"end":{"line":310,"column":58}},"69":{"start":{"line":313,"column":21},"end":{"line":316,"column":7}},"70":{"start":{"line":318,"column":23},"end":{"line":318,"column":37}},"71":{"start":{"line":321,"column":28},"end":{"line":324,"column":7}},"72":{"start":{"line":326,"column":6},"end":{"line":330,"column":7}},"73":{"start":{"line":327,"column":8},"end":{"line":329,"column":11}},"74":{"start":{"line":333,"column":32},"end":{"line":333,"column":78}},"75":{"start":{"line":335,"column":6},"end":{"line":338,"column":8}},"76":{"start":{"line":340,"column":6},"end":{"line":342,"column":9}},"77":{"start":{"line":344,"column":6},"end":{"line":344,"column":61}},"78":{"start":{"line":345,"column":6},"end":{"line":348,"column":9}},"79":{"start":{"line":354,"column":0},"end":{"line":401,"column":3}},"80":{"start":{"line":355,"column":2},"end":{"line":400,"column":3}},"81":{"start":{"line":356,"column":47},"end":{"line":356,"column":56}},"82":{"start":{"line":358,"column":16},"end":{"line":363,"column":5}},"83":{"start":{"line":364,"column":19},"end":{"line":364,"column":21}},"84":{"start":{"line":365,"column":21},"end":{"line":365,"column":22}},"85":{"start":{"line":367,"column":4},"end":{"line":375,"column":5}},"86":{"start":{"line":368,"column":6},"end":{"line":372,"column":9}},"87":{"start":{"line":373,"column":6},"end":{"line":373,"column":33}},"88":{"start":{"line":374,"column":6},"end":{"line":374,"column":19}},"89":{"start":{"line":377,"column":4},"end":{"line":379,"column":7}},"90":{"start":{"line":380,"column":4},"end":{"line":380,"column":51}},"91":{"start":{"line":382,"column":19},"end":{"line":382,"column":48}},"92":{"start":{"line":384,"column":24},"end":{"line":386,"column":5}},"93":{"start":{"line":388,"column":4},"end":{"line":393,"column":7}},"94":{"start":{"line":395,"column":4},"end":{"line":395,"column":59}},"95":{"start":{"line":396,"column":4},"end":{"line":399,"column":7}},"96":{"start":{"line":404,"column":0},"end":{"line":432,"column":3}},"97":{"start":{"line":405,"column":2},"end":{"line":431,"column":3}},"98":{"start":{"line":406,"column":26},"end":{"line":406,"column":36}},"99":{"start":{"line":408,"column":19},"end":{"line":414,"column":5}},"100":{"start":{"line":416,"column":4},"end":{"line":420,"column":5}},"101":{"start":{"line":417,"column":6},"end":{"line":419,"column":9}},"102":{"start":{"line":422,"column":4},"end":{"line":424,"column":7}},"103":{"start":{"line":426,"column":4},"end":{"line":426,"column":56}},"104":{"start":{"line":427,"column":4},"end":{"line":430,"column":7}}},"fnMap":{"0":{"name":"(anonymous_0)","decl":{"start":{"line":22,"column":68},"end":{"line":22,"column":69}},"loc":{"start":{"line":22,"column":88},"end":{"line":107,"column":1}},"line":22},"1":{"name":"(anonymous_1)","decl":{"start":{"line":110,"column":62},"end":{"line":110,"column":63}},"loc":{"start":{"line":110,"column":82},"end":{"line":221,"column":1}},"line":110},"2":{"name":"(anonymous_2)","decl":{"start":{"line":224,"column":49},"end":{"line":224,"column":50}},"loc":{"start":{"line":224,"column":69},"end":{"line":251,"column":1}},"line":224},"3":{"name":"(anonymous_3)","decl":{"start":{"line":254,"column":79},"end":{"line":254,"column":80}},"loc":{"start":{"line":254,"column":99},"end":{"line":301,"column":1}},"line":254},"4":{"name":"(anonymous_4)","decl":{"start":{"line":308,"column":2},"end":{"line":308,"column":3}},"loc":{"start":{"line":308,"column":22},"end":{"line":350,"column":3}},"line":308},"5":{"name":"(anonymous_5)","decl":{"start":{"line":354,"column":26},"end":{"line":354,"column":27}},"loc":{"start":{"line":354,"column":46},"end":{"line":401,"column":1}},"line":354},"6":{"name":"(anonymous_6)","decl":{"start":{"line":404,"column":51},"end":{"line":404,"column":52}},"loc":{"start":{"line":404,"column":71},"end":{"line":432,"column":1}},"line":404}},"branchMap":{"0":{"loc":{"start":{"line":56,"column":8},"end":{"line":56,"column":25}},"type":"binary-expr","locations":[{"start":{"line":56,"column":8},"end":{"line":56,"column":17}},{"start":{"line":56,"column":21},"end":{"line":56,"column":25}}],"line":56},"1":{"loc":{"start":{"line":57,"column":8},"end":{"line":57,"column":24}},"type":"binary-expr","locations":[{"start":{"line":57,"column":8},"end":{"line":57,"column":16}},{"start":{"line":57,"column":20},"end":{"line":57,"column":24}}],"line":57},"2":{"loc":{"start":{"line":58,"column":8},"end":{"line":58,"column":25}},"type":"binary-expr","locations":[{"start":{"line":58,"column":8},"end":{"line":58,"column":17}},{"start":{"line":58,"column":21},"end":{"line":58,"column":25}}],"line":58},"3":{"loc":{"start":{"line":59,"column":8},"end":{"line":59,"column":24}},"type":"binary-expr","locations":[{"start":{"line":59,"column":8},"end":{"line":59,"column":16}},{"start":{"line":59,"column":20},"end":{"line":59,"column":24}}],"line":59},"4":{"loc":{"start":{"line":60,"column":8},"end":{"line":60,"column":20}},"type":"binary-expr","locations":[{"start":{"line":60,"column":8},"end":{"line":60,"column":12}},{"start":{"line":60,"column":16},"end":{"line":60,"column":20}}],"line":60},"5":{"loc":{"start":{"line":84,"column":4},"end":{"line":100,"column":5}},"type":"if","locations":[{"start":{"line":84,"column":4},"end":{"line":100,"column":5}},{"start":{},"end":{}}],"line":84},"6":{"loc":{"start":{"line":85,"column":6},"end":{"line":89,"column":7}},"type":"if","locations":[{"start":{"line":85,"column":6},"end":{"line":89,"column":7}},{"start":{},"end":{}}],"line":85},"7":{"loc":{"start":{"line":90,"column":6},"end":{"line":94,"column":7}},"type":"if","locations":[{"start":{"line":90,"column":6},"end":{"line":94,"column":7}},{"start":{},"end":{}}],"line":90},"8":{"loc":{"start":{"line":95,"column":6},"end":{"line":99,"column":7}},"type":"if","locations":[{"start":{"line":95,"column":6},"end":{"line":99,"column":7}},{"start":{},"end":{}}],"line":95},"9":{"loc":{"start":{"line":120,"column":4},"end":{"line":124,"column":5}},"type":"if","locations":[{"start":{"line":120,"column":4},"end":{"line":124,"column":5}},{"start":{},"end":{}}],"line":120},"10":{"loc":{"start":{"line":129,"column":4},"end":{"line":139,"column":5}},"type":"if","locations":[{"start":{"line":129,"column":4},"end":{"line":139,"column":5}},{"start":{},"end":{}}],"line":129},"11":{"loc":{"start":{"line":130,"column":6},"end":{"line":131,"column":53}},"type":"binary-expr","locations":[{"start":{"line":130,"column":6},"end":{"line":130,"column":30}},{"start":{"line":131,"column":6},"end":{"line":131,"column":53}}],"line":130},"12":{"loc":{"start":{"line":142,"column":4},"end":{"line":146,"column":5}},"type":"if","locations":[{"start":{"line":142,"column":4},"end":{"line":146,"column":5}},{"start":{},"end":{}}],"line":142},"13":{"loc":{"start":{"line":154,"column":4},"end":{"line":184,"column":5}},"type":"if","locations":[{"start":{"line":154,"column":4},"end":{"line":184,"column":5}},{"start":{},"end":{}}],"line":154},"14":{"loc":{"start":{"line":159,"column":6},"end":{"line":171,"column":7}},"type":"if","locations":[{"start":{"line":159,"column":6},"end":{"line":171,"column":7}},{"start":{},"end":{}}],"line":159},"15":{"loc":{"start":{"line":235,"column":4},"end":{"line":239,"column":5}},"type":"if","locations":[{"start":{"line":235,"column":4},"end":{"line":239,"column":5}},{"start":{},"end":{}}],"line":235},"16":{"loc":{"start":{"line":326,"column":6},"end":{"line":330,"column":7}},"type":"if","locations":[{"start":{"line":326,"column":6},"end":{"line":330,"column":7}},{"start":{},"end":{}}],"line":326},"17":{"loc":{"start":{"line":356,"column":20},"end":{"line":356,"column":30}},"type":"default-arg","locations":[{"start":{"line":356,"column":28},"end":{"line":356,"column":30}}],"line":356},"18":{"loc":{"start":{"line":356,"column":32},"end":{"line":356,"column":42}},"type":"default-arg","locations":[{"start":{"line":356,"column":41},"end":{"line":356,"column":42}}],"line":356},"19":{"loc":{"start":{"line":367,"column":4},"end":{"line":375,"column":5}},"type":"if","locations":[{"start":{"line":367,"column":4},"end":{"line":375,"column":5}},{"start":{},"end":{}}],"line":367},"20":{"loc":{"start":{"line":416,"column":4},"end":{"line":420,"column":5}},"type":"if","locations":[{"start":{"line":416,"column":4},"end":{"line":420,"column":5}},{"start":{},"end":{}}],"line":416}},"s":{"0":1,"1":1,"2":1,"3":1,"4":1,"5":3,"6":3,"7":3,"8":3,"9":1,"10":1,"11":1,"12":2,"13":2,"14":2,"15":1,"16":1,"17":1,"18":0,"19":0,"20":0,"21":1,"22":4,"23":4,"24":4,"25":4,"26":1,"27":3,"28":3,"29":1,"30":1,"31":2,"32":1,"33":1,"34":1,"35":0,"36":0,"37":0,"38":0,"39":0,"40":0,"41":0,"42":0,"43":1,"44":1,"45":1,"46":1,"47":1,"48":1,"49":0,"50":0,"51":1,"52":2,"53":2,"54":2,"55":1,"56":1,"57":0,"58":0,"59":1,"60":0,"61":0,"62":0,"63":0,"64":0,"65":0,"66":1,"67":0,"68":0,"69":0,"70":0,"71":0,"72":0,"73":0,"74":0,"75":0,"76":0,"77":0,"78":0,"79":1,"80":2,"81":2,"82":2,"83":2,"84":2,"85":2,"86":1,"87":1,"88":1,"89":2,"90":2,"91":2,"92":2,"93":2,"94":0,"95":0,"96":1,"97":0,"98":0,"99":0,"100":0,"101":0,"102":0,"103":0,"104":0},"f":{"0":3,"1":4,"2":2,"3":0,"4":0,"5":2,"6":0},"b":{"0":[3,3],"1":[3,3],"2":[3,3],"3":[3,3],"4":[3,3],"5":[2,0],"6":[1,1],"7":[1,0],"8":[0,0],"9":[1,3],"10":[1,2],"11":[3,1],"12":[1,1],"13":[0,1],"14":[0,0],"15":[1,1],"16":[0,0],"17":[1],"18":[1],"19":[1,1],"20":[0,0]},"_coverageSchema":"1a1c01bbd47fc00a2c39e90264f33305004495a9","hash":"d4f72bd8253f8584f9baf96224c537773406749c"}
,"/Users/luisroman/anzu-backend-kts/src/routes/tournament.routes.js": {"path":"/Users/luisroman/anzu-backend-kts/src/routes/tournament.routes.js","statementMap":{"0":{"start":{"line":3,"column":15},"end":{"line":3,"column":23}},"1":{"start":{"line":5,"column":0},"end":{"line":11,"column":3}},"2":{"start":{"line":6,"column":19},"end":{"line":6,"column":27}},"3":{"start":{"line":7,"column":17},"end":{"line":9,"column":4}},"4":{"start":{"line":10,"column":2},"end":{"line":10,"column":24}},"5":{"start":{"line":13,"column":0},"end":{"line":25,"column":3}},"6":{"start":{"line":14,"column":2},"end":{"line":24,"column":3}},"7":{"start":{"line":15,"column":29},"end":{"line":15,"column":73}},"8":{"start":{"line":16,"column":4},"end":{"line":19,"column":7}},"9":{"start":{"line":20,"column":4},"end":{"line":20,"column":33}},"10":{"start":{"line":22,"column":4},"end":{"line":22,"column":53}},"11":{"start":{"line":23,"column":4},"end":{"line":23,"column":49}},"12":{"start":{"line":27,"column":0},"end":{"line":71,"column":3}},"13":{"start":{"line":28,"column":2},"end":{"line":70,"column":3}},"14":{"start":{"line":29,"column":45},"end":{"line":29,"column":53}},"15":{"start":{"line":31,"column":29},"end":{"line":34,"column":5}},"16":{"start":{"line":36,"column":4},"end":{"line":38,"column":5}},"17":{"start":{"line":37,"column":6},"end":{"line":37,"column":58}},"18":{"start":{"line":40,"column":41},"end":{"line":40,"column":65}},"19":{"start":{"line":41,"column":29},"end":{"line":41,"column":53}},"20":{"start":{"line":43,"column":4},"end":{"line":47,"column":5}},"21":{"start":{"line":44,"column":6},"end":{"line":46,"column":68}},"22":{"start":{"line":49,"column":4},"end":{"line":52,"column":6}},"23":{"start":{"line":54,"column":24},"end":{"line":57,"column":5}},"24":{"start":{"line":59,"column":18},"end":{"line":59,"column":57}},"25":{"start":{"line":61,"column":4},"end":{"line":64,"column":7}},"26":{"start":{"line":66,"column":4},"end":{"line":66,"column":47}},"27":{"start":{"line":68,"column":4},"end":{"line":68,"column":54}},"28":{"start":{"line":69,"column":4},"end":{"line":69,"column":49}},"29":{"start":{"line":73,"column":0},"end":{"line":87,"column":3}},"30":{"start":{"line":74,"column":2},"end":{"line":86,"column":3}},"31":{"start":{"line":75,"column":62},"end":{"line":75,"column":70}},"32":{"start":{"line":76,"column":4},"end":{"line":81,"column":6}},"33":{"start":{"line":82,"column":4},"end":{"line":82,"column":30}},"34":{"start":{"line":84,"column":4},"end":{"line":84,"column":59}},"35":{"start":{"line":85,"column":4},"end":{"line":85,"column":49}}},"fnMap":{"0":{"name":"(anonymous_0)","decl":{"start":{"line":5,"column":33},"end":{"line":5,"column":34}},"loc":{"start":{"line":5,"column":53},"end":{"line":11,"column":1}},"line":5},"1":{"name":"(anonymous_1)","decl":{"start":{"line":13,"column":30},"end":{"line":13,"column":31}},"loc":{"start":{"line":13,"column":50},"end":{"line":25,"column":1}},"line":13},"2":{"name":"(anonymous_2)","decl":{"start":{"line":27,"column":38},"end":{"line":27,"column":39}},"loc":{"start":{"line":27,"column":58},"end":{"line":71,"column":1}},"line":27},"3":{"name":"(anonymous_3)","decl":{"start":{"line":73,"column":47},"end":{"line":73,"column":48}},"loc":{"start":{"line":73,"column":67},"end":{"line":87,"column":1}},"line":73}},"branchMap":{"0":{"loc":{"start":{"line":36,"column":4},"end":{"line":38,"column":5}},"type":"if","locations":[{"start":{"line":36,"column":4},"end":{"line":38,"column":5}},{"start":{},"end":{}}],"line":36},"1":{"loc":{"start":{"line":43,"column":4},"end":{"line":47,"column":5}},"type":"if","locations":[{"start":{"line":43,"column":4},"end":{"line":47,"column":5}},{"start":{},"end":{}}],"line":43}},"s":{"0":1,"1":1,"2":1,"3":1,"4":1,"5":1,"6":2,"7":2,"8":1,"9":1,"10":1,"11":1,"12":1,"13":3,"14":3,"15":3,"16":3,"17":1,"18":2,"19":2,"20":2,"21":1,"22":1,"23":1,"24":1,"25":1,"26":1,"27":0,"28":0,"29":1,"30":2,"31":2,"32":2,"33":1,"34":1,"35":1},"f":{"0":1,"1":2,"2":3,"3":2},"b":{"0":[1,2],"1":[1,1]},"_coverageSchema":"1a1c01bbd47fc00a2c39e90264f33305004495a9","hash":"cdd55e733784ce1f6d40dd2925193ddd6e5c3107"}
,"/Users/luisroman/anzu-backend-kts/src/routes/user.routes.js": {"path":"/Users/luisroman/anzu-backend-kts/src/routes/user.routes.js","statementMap":{"0":{"start":{"line":10,"column":15},"end":{"line":10,"column":23}},"1":{"start":{"line":13,"column":0},"end":{"line":104,"column":3}},"2":{"start":{"line":14,"column":2},"end":{"line":103,"column":3}},"3":{"start":{"line":15,"column":58},"end":{"line":15,"column":66}},"4":{"start":{"line":17,"column":4},"end":{"line":17,"column":64}},"5":{"start":{"line":19,"column":4},"end":{"line":19,"column":28}},"6":{"start":{"line":22,"column":25},"end":{"line":35,"column":5}},"7":{"start":{"line":37,"column":4},"end":{"line":42,"column":5}},"8":{"start":{"line":38,"column":6},"end":{"line":38,"column":33}},"9":{"start":{"line":39,"column":6},"end":{"line":41,"column":9}},"10":{"start":{"line":45,"column":23},"end":{"line":45,"column":25}},"11":{"start":{"line":46,"column":26},"end":{"line":46,"column":65}},"12":{"start":{"line":49,"column":19},"end":{"line":56,"column":5}},"13":{"start":{"line":58,"column":20},"end":{"line":58,"column":34}},"14":{"start":{"line":61,"column":4},"end":{"line":67,"column":6}},"15":{"start":{"line":69,"column":4},"end":{"line":69,"column":29}},"16":{"start":{"line":72,"column":18},"end":{"line":80,"column":5}},"17":{"start":{"line":82,"column":4},"end":{"line":82,"column":66}},"18":{"start":{"line":84,"column":4},"end":{"line":95,"column":7}},"19":{"start":{"line":97,"column":4},"end":{"line":97,"column":31}},"20":{"start":{"line":98,"column":4},"end":{"line":98,"column":58}},"21":{"start":{"line":99,"column":4},"end":{"line":102,"column":7}},"22":{"start":{"line":107,"column":0},"end":{"line":198,"column":3}},"23":{"start":{"line":108,"column":2},"end":{"line":197,"column":3}},"24":{"start":{"line":109,"column":35},"end":{"line":109,"column":43}},"25":{"start":{"line":111,"column":4},"end":{"line":111,"column":52}},"26":{"start":{"line":114,"column":19},"end":{"line":121,"column":5}},"27":{"start":{"line":123,"column":4},"end":{"line":127,"column":5}},"28":{"start":{"line":124,"column":6},"end":{"line":126,"column":9}},"29":{"start":{"line":129,"column":17},"end":{"line":129,"column":31}},"30":{"start":{"line":132,"column":4},"end":{"line":136,"column":5}},"31":{"start":{"line":133,"column":6},"end":{"line":135,"column":9}},"32":{"start":{"line":139,"column":28},"end":{"line":139,"column":78}},"33":{"start":{"line":141,"column":4},"end":{"line":145,"column":5}},"34":{"start":{"line":142,"column":6},"end":{"line":144,"column":9}},"35":{"start":{"line":148,"column":24},"end":{"line":153,"column":5}},"36":{"start":{"line":155,"column":18},"end":{"line":155,"column":57}},"37":{"start":{"line":155,"column":48},"end":{"line":155,"column":56}},"38":{"start":{"line":158,"column":4},"end":{"line":163,"column":6}},"39":{"start":{"line":166,"column":18},"end":{"line":175,"column":5}},"40":{"start":{"line":177,"column":4},"end":{"line":177,"column":48}},"41":{"start":{"line":179,"column":4},"end":{"line":190,"column":7}},"42":{"start":{"line":192,"column":4},"end":{"line":192,"column":52}},"43":{"start":{"line":193,"column":4},"end":{"line":196,"column":7}},"44":{"start":{"line":201,"column":0},"end":{"line":240,"column":3}},"45":{"start":{"line":202,"column":2},"end":{"line":239,"column":3}},"46":{"start":{"line":204,"column":19},"end":{"line":211,"column":5}},"47":{"start":{"line":213,"column":4},"end":{"line":217,"column":5}},"48":{"start":{"line":214,"column":6},"end":{"line":216,"column":9}},"49":{"start":{"line":219,"column":24},"end":{"line":222,"column":5}},"50":{"start":{"line":224,"column":18},"end":{"line":224,"column":57}},"51":{"start":{"line":224,"column":48},"end":{"line":224,"column":56}},"52":{"start":{"line":226,"column":4},"end":{"line":232,"column":7}},"53":{"start":{"line":234,"column":4},"end":{"line":234,"column":56}},"54":{"start":{"line":235,"column":4},"end":{"line":238,"column":7}},"55":{"start":{"line":243,"column":0},"end":{"line":287,"column":3}},"56":{"start":{"line":244,"column":2},"end":{"line":286,"column":3}},"57":{"start":{"line":246,"column":4},"end":{"line":246,"column":28}},"58":{"start":{"line":249,"column":22},"end":{"line":252,"column":5}},"59":{"start":{"line":254,"column":4},"end":{"line":259,"column":5}},"60":{"start":{"line":255,"column":6},"end":{"line":255,"column":33}},"61":{"start":{"line":256,"column":6},"end":{"line":258,"column":9}},"62":{"start":{"line":262,"column":4},"end":{"line":265,"column":6}},"63":{"start":{"line":267,"column":4},"end":{"line":270,"column":6}},"64":{"start":{"line":272,"column":4},"end":{"line":272,"column":29}},"65":{"start":{"line":274,"column":4},"end":{"line":274,"column":68}},"66":{"start":{"line":276,"column":4},"end":{"line":278,"column":7}},"67":{"start":{"line":280,"column":4},"end":{"line":280,"column":31}},"68":{"start":{"line":281,"column":4},"end":{"line":281,"column":59}},"69":{"start":{"line":282,"column":4},"end":{"line":285,"column":7}}},"fnMap":{"0":{"name":"(anonymous_0)","decl":{"start":{"line":13,"column":51},"end":{"line":13,"column":52}},"loc":{"start":{"line":13,"column":71},"end":{"line":104,"column":1}},"line":13},"1":{"name":"(anonymous_1)","decl":{"start":{"line":107,"column":45},"end":{"line":107,"column":46}},"loc":{"start":{"line":107,"column":65},"end":{"line":198,"column":1}},"line":107},"2":{"name":"(anonymous_2)","decl":{"start":{"line":155,"column":39},"end":{"line":155,"column":40}},"loc":{"start":{"line":155,"column":48},"end":{"line":155,"column":56}},"line":155},"3":{"name":"(anonymous_3)","decl":{"start":{"line":201,"column":38},"end":{"line":201,"column":39}},"loc":{"start":{"line":201,"column":58},"end":{"line":240,"column":1}},"line":201},"4":{"name":"(anonymous_4)","decl":{"start":{"line":224,"column":39},"end":{"line":224,"column":40}},"loc":{"start":{"line":224,"column":48},"end":{"line":224,"column":56}},"line":224},"5":{"name":"(anonymous_5)","decl":{"start":{"line":243,"column":50},"end":{"line":243,"column":51}},"loc":{"start":{"line":243,"column":70},"end":{"line":287,"column":1}},"line":243}},"branchMap":{"0":{"loc":{"start":{"line":37,"column":4},"end":{"line":42,"column":5}},"type":"if","locations":[{"start":{"line":37,"column":4},"end":{"line":42,"column":5}},{"start":{},"end":{}}],"line":37},"1":{"loc":{"start":{"line":55,"column":44},"end":{"line":55,"column":66}},"type":"binary-expr","locations":[{"start":{"line":55,"column":44},"end":{"line":55,"column":53}},{"start":{"line":55,"column":57},"end":{"line":55,"column":66}}],"line":55},"2":{"loc":{"start":{"line":66,"column":19},"end":{"line":66,"column":41}},"type":"binary-expr","locations":[{"start":{"line":66,"column":19},"end":{"line":66,"column":28}},{"start":{"line":66,"column":32},"end":{"line":66,"column":41}}],"line":66},"3":{"loc":{"start":{"line":123,"column":4},"end":{"line":127,"column":5}},"type":"if","locations":[{"start":{"line":123,"column":4},"end":{"line":127,"column":5}},{"start":{},"end":{}}],"line":123},"4":{"loc":{"start":{"line":132,"column":4},"end":{"line":136,"column":5}},"type":"if","locations":[{"start":{"line":132,"column":4},"end":{"line":136,"column":5}},{"start":{},"end":{}}],"line":132},"5":{"loc":{"start":{"line":141,"column":4},"end":{"line":145,"column":5}},"type":"if","locations":[{"start":{"line":141,"column":4},"end":{"line":145,"column":5}},{"start":{},"end":{}}],"line":141},"6":{"loc":{"start":{"line":213,"column":4},"end":{"line":217,"column":5}},"type":"if","locations":[{"start":{"line":213,"column":4},"end":{"line":217,"column":5}},{"start":{},"end":{}}],"line":213},"7":{"loc":{"start":{"line":213,"column":8},"end":{"line":213,"column":61}},"type":"binary-expr","locations":[{"start":{"line":213,"column":8},"end":{"line":213,"column":32}},{"start":{"line":213,"column":36},"end":{"line":213,"column":61}}],"line":213},"8":{"loc":{"start":{"line":254,"column":4},"end":{"line":259,"column":5}},"type":"if","locations":[{"start":{"line":254,"column":4},"end":{"line":259,"column":5}},{"start":{},"end":{}}],"line":254}},"s":{"0":1,"1":1,"2":3,"3":3,"4":3,"5":3,"6":3,"7":3,"8":2,"9":2,"10":1,"11":1,"12":1,"13":1,"14":1,"15":1,"16":1,"17":1,"18":1,"19":0,"20":0,"21":0,"22":1,"23":3,"24":3,"25":3,"26":3,"27":3,"28":1,"29":2,"30":2,"31":1,"32":1,"33":1,"34":0,"35":1,"36":1,"37":1,"38":1,"39":1,"40":1,"41":1,"42":0,"43":0,"44":1,"45":2,"46":2,"47":2,"48":1,"49":1,"50":1,"51":1,"52":1,"53":0,"54":0,"55":1,"56":2,"57":2,"58":2,"59":2,"60":1,"61":1,"62":1,"63":1,"64":1,"65":1,"66":1,"67":0,"68":0,"69":0},"f":{"0":3,"1":3,"2":1,"3":2,"4":1,"5":2},"b":{"0":[2,1],"1":[1,0],"2":[1,0],"3":[1,2],"4":[1,1],"5":[0,1],"6":[1,1],"7":[2,1],"8":[1,1]},"_coverageSchema":"1a1c01bbd47fc00a2c39e90264f33305004495a9","hash":"3338baec332e4706f4baeed946c6b07897715974"}
}
