TN:
SF:src/functions.js
FN:5,insertCards
FNF:1
FNH:1
FNDA:4,insertCards
DA:7,4
DA:9,4
DA:24,5
DA:26,5
DA:57,4
DA:60,3
DA:64,1
DA:65,0
LF:8
LH:7
BRDA:5,0,0,0
BRDA:49,1,0,5
BRDA:49,1,1,1
BRDA:50,2,0,5
BRDA:50,2,1,1
BRDA:51,3,0,5
BRDA:51,3,1,1
BRDA:52,4,0,5
BRDA:52,4,1,1
BRDA:53,5,0,5
BRDA:53,5,1,4
BRDA:64,6,0,0
BRDA:64,6,1,1
BRF:13
BRH:11
end_of_record
TN:
SF:src/index.js
FN:26,(anonymous_0)
FN:33,(anonymous_1)
FN:86,(anonymous_2)
FN:97,(anonymous_3)
FNF:4
FNH:1
FNDA:57,(anonymous_0)
FNDA:0,(anonymous_1)
FNDA:0,(anonymous_2)
FNDA:0,(anonymous_3)
DA:19,1
DA:21,1
DA:22,1
DA:24,1
DA:27,57
DA:31,57
DA:34,0
DA:37,57
DA:39,0
DA:47,1
DA:66,1
DA:67,1
DA:70,1
DA:73,1
DA:74,1
DA:75,1
DA:76,1
DA:79,1
DA:80,1
DA:81,1
DA:82,1
DA:83,1
DA:86,1
DA:87,0
DA:88,0
DA:94,1
DA:96,1
DA:97,0
DA:98,0
LF:29
LH:23
BRDA:31,0,0,57
BRDA:31,0,1,0
BRDA:32,1,0,57
BRDA:32,1,1,0
BRDA:34,2,0,0
BRDA:34,2,1,0
BRDA:96,3,0,0
BRDA:96,3,1,1
BRDA:97,4,0,0
BRDA:97,4,1,0
BRDA:98,5,0,0
BRDA:98,5,1,0
BRF:12
BRH:3
end_of_record
TN:
SF:src/routes/cards.routes.js
FN:7,(anonymous_0)
FN:23,(anonymous_1)
FN:301,(anonymous_2)
FN:342,(anonymous_3)
FN:386,(anonymous_4)
FN:391,(anonymous_5)
FN:402,(anonymous_6)
FN:408,(anonymous_7)
FN:418,(anonymous_8)
FN:430,(anonymous_9)
FNF:10
FNH:5
FNDA:2,(anonymous_0)
FNDA:1,(anonymous_1)
FNDA:3,(anonymous_2)
FNDA:1,(anonymous_3)
FNDA:0,(anonymous_4)
FNDA:0,(anonymous_5)
FNDA:0,(anonymous_6)
FNDA:0,(anonymous_7)
FNDA:0,(anonymous_8)
FNDA:1,(anonymous_9)
DA:5,1
DA:7,1
DA:8,2
DA:9,2
DA:10,2
DA:11,1
DA:18,1
DA:19,1
DA:23,1
DA:24,1
DA:25,1
DA:27,1
DA:30,1
DA:31,1
DA:34,1
DA:35,1
DA:36,1
DA:37,1
DA:38,1
DA:39,1
DA:40,1
DA:41,1
DA:42,1
DA:43,1
DA:44,1
DA:45,1
DA:46,1
DA:48,1
DA:49,14341
DA:50,14341
DA:51,14341
DA:52,14341
DA:53,14341
DA:54,14341
DA:55,14341
DA:56,14341
DA:57,14341
DA:58,14341
DA:59,14341
DA:60,14341
DA:61,14341
DA:64,1
DA:65,1
DA:103,1
DA:104,1
DA:105,1
DA:106,1
DA:107,1
DA:110,1
DA:111,1
DA:113,1
DA:114,1
DA:115,1
DA:116,1
DA:117,1
DA:118,1
DA:120,1
DA:121,1
DA:123,1
DA:124,1
DA:125,1
DA:126,1
DA:128,1
DA:129,1
DA:130,1
DA:131,1
DA:132,1
DA:133,1
DA:135,1
DA:143,14341
DA:146,14341
DA:147,21992
DA:148,21992
DA:152,14341
DA:153,43141
DA:154,43141
DA:155,43141
DA:156,43141
DA:157,43141
DA:158,43141
DA:162,14341
DA:163,308
DA:164,308
DA:168,14341
DA:169,14505
DA:170,14505
DA:171,14505
DA:172,14505
DA:176,14341
DA:177,14341
DA:178,14341
DA:179,14341
DA:180,14341
DA:181,14341
DA:182,14341
DA:187,1
DA:188,1
DA:189,1
DA:200,1
DA:201,1
DA:202,1
DA:224,1
DA:225,1
DA:226,1
DA:237,1
DA:238,1
DA:239,1
DA:253,1
DA:254,1
DA:255,1
DA:277,1
DA:278,1
DA:280,1
DA:292,0
DA:293,0
DA:294,0
DA:301,1
DA:302,3
DA:303,3
DA:304,3
DA:305,3
DA:306,1
DA:311,2
DA:315,2
DA:317,2
DA:329,2
DA:330,1
DA:339,1
DA:342,1
DA:346,1
DA:380,1
DA:381,1
DA:382,1
DA:383,1
DA:384,1
DA:386,1
DA:387,0
DA:388,0
DA:391,1
DA:392,0
DA:393,0
DA:402,1
DA:403,0
DA:408,1
DA:409,0
DA:410,0
DA:418,1
DA:419,0
DA:420,0
DA:430,1
DA:451,1
DA:458,0
DA:459,0
LF:153
LH:139
BRDA:56,0,0,14341
BRDA:56,0,1,5122
BRDA:57,1,0,14341
BRDA:57,1,1,5584
BRDA:58,2,0,14341
BRDA:58,2,1,5478
BRDA:59,3,0,14341
BRDA:59,3,1,5122
BRDA:60,4,0,14341
BRDA:60,4,1,5704
BRDA:138,5,0,5121
BRDA:139,6,0,538
BRDA:141,7,0,0
BRDA:142,8,0,0
BRDA:157,9,0,43141
BRDA:157,9,1,1298
BRDA:158,10,0,43141
BRDA:158,10,1,30471
BRDA:162,11,0,308
BRDA:162,11,1,14033
BRDA:164,12,0,308
BRDA:164,12,1,119
BRDA:171,13,0,14505
BRDA:171,13,1,0
BRDA:172,14,0,14505
BRDA:172,14,1,0
BRDA:178,15,0,14341
BRDA:178,15,1,575
BRDA:179,16,0,14341
BRDA:179,16,1,525
BRDA:180,17,0,14341
BRDA:180,17,1,2098
BRDA:181,18,0,14341
BRDA:181,18,1,2389
BRDA:182,19,0,14341
BRDA:182,19,1,2065
BRDA:187,20,0,1
BRDA:187,20,1,0
BRDA:200,21,0,1
BRDA:200,21,1,0
BRDA:224,22,0,1
BRDA:224,22,1,0
BRDA:237,23,0,1
BRDA:237,23,1,0
BRDA:253,24,0,1
BRDA:253,24,1,0
BRDA:303,25,0,3
BRDA:303,26,0,3
BRDA:305,27,0,1
BRDA:305,27,1,2
BRDA:305,28,0,3
BRDA:305,28,1,2
BRDA:329,29,0,1
BRDA:329,29,1,1
BRDA:387,30,0,0
BRDA:387,30,1,0
BRDA:392,31,0,0
BRDA:392,31,1,0
BRDA:409,32,0,0
BRDA:409,32,1,0
BRDA:419,33,0,0
BRDA:419,33,1,0
BRDA:433,34,0,1
BRDA:433,34,1,1
BRDA:445,35,0,1
BRDA:445,35,1,1
BRDA:446,36,0,1
BRDA:446,36,1,1
BRDA:447,37,0,1
BRDA:447,37,1,1
BRDA:448,38,0,1
BRDA:448,38,1,1
BRF:72
BRH:55
end_of_record
TN:
SF:src/routes/inventory.routes.js
FN:14,(anonymous_0)
FN:75,(anonymous_1)
FN:166,(anonymous_2)
FN:223,(anonymous_3)
FN:252,(anonymous_4)
FN:304,(anonymous_5)
FN:354,(anonymous_6)
FN:384,(anonymous_7)
FNF:8
FNH:8
FNDA:2,(anonymous_0)
FNDA:1,(anonymous_1)
FNDA:2,(anonymous_2)
FNDA:1,(anonymous_3)
FNDA:2,(anonymous_4)
FNDA:2,(anonymous_5)
FNDA:2,(anonymous_6)
FNDA:1,(anonymous_7)
DA:11,1
DA:14,1
DA:15,2
DA:17,2
DA:20,2
DA:25,2
DA:26,1
DA:31,1
DA:60,1
DA:66,0
DA:67,0
DA:75,1
DA:76,1
DA:77,1
DA:79,1
DA:104,1
DA:105,1
DA:108,1
DA:109,0
DA:110,0
DA:111,0
DA:114,1
DA:115,0
DA:116,0
DA:117,0
DA:120,1
DA:121,0
DA:122,0
DA:123,0
DA:127,1
DA:128,1
DA:130,1
DA:131,1
DA:132,0
DA:133,0
DA:135,0
DA:138,1
DA:141,1
DA:152,1
DA:157,0
DA:158,0
DA:166,1
DA:167,2
DA:168,2
DA:169,2
DA:171,2
DA:176,2
DA:177,2
DA:179,2
DA:180,0
DA:181,0
DA:182,0
DA:185,2
DA:186,0
DA:187,0
DA:188,0
DA:191,2
DA:192,1
DA:193,1
DA:194,1
DA:197,2
DA:199,2
DA:201,2
DA:202,1
DA:208,1
DA:214,0
DA:215,0
DA:223,1
DA:224,1
DA:225,1
DA:226,1
DA:228,1
DA:238,1
DA:243,0
DA:244,0
DA:252,1
DA:253,2
DA:254,2
DA:255,2
DA:257,2
DA:262,2
DA:264,2
DA:265,1
DA:266,1
DA:269,2
DA:271,2
DA:273,2
DA:274,1
DA:280,1
DA:291,0
DA:292,0
DA:300,1
DA:305,2
DA:306,2
DA:307,2
DA:310,2
DA:315,2
DA:316,1
DA:321,1
DA:336,1
DA:341,0
DA:342,0
DA:351,1
DA:355,2
DA:356,2
DA:358,2
DA:363,2
DA:364,1
DA:369,1
DA:374,0
DA:375,0
DA:384,1
DA:385,1
DA:387,1
DA:388,1
DA:390,1
DA:392,1
DA:394,1
DA:396,2
DA:398,2
DA:400,2
DA:424,2
DA:427,1
DA:429,1
DA:434,0
DA:435,0
DA:436,0
DA:441,1
LF:128
LH:93
BRDA:25,0,0,1
BRDA:25,0,1,1
BRDA:51,1,0,1
BRDA:51,1,1,0
BRDA:52,2,0,1
BRDA:52,2,1,1
BRDA:53,3,0,1
BRDA:53,3,1,0
BRDA:54,4,0,1
BRDA:54,4,1,0
BRDA:55,5,0,1
BRDA:55,5,1,1
BRDA:56,6,0,1
BRDA:56,6,1,1
BRDA:77,7,0,1
BRDA:108,8,0,0
BRDA:108,8,1,1
BRDA:114,9,0,0
BRDA:114,9,1,1
BRDA:120,10,0,0
BRDA:120,10,1,1
BRDA:128,11,0,1
BRDA:128,11,1,0
BRDA:130,12,0,1
BRDA:130,12,1,0
BRDA:132,13,0,0
BRDA:132,13,1,0
BRDA:179,14,0,0
BRDA:179,14,1,2
BRDA:185,15,0,0
BRDA:185,15,1,2
BRDA:191,16,0,1
BRDA:191,16,1,1
BRDA:201,17,0,1
BRDA:201,17,1,1
BRDA:226,18,0,0
BRDA:264,19,0,1
BRDA:264,19,1,1
BRDA:273,20,0,1
BRDA:273,20,1,1
BRDA:315,21,0,1
BRDA:315,21,1,1
BRDA:363,22,0,1
BRDA:363,22,1,1
BRDA:398,23,0,0
BRDA:398,23,1,2
BRDA:415,24,0,2
BRDA:415,24,1,0
BRDA:416,25,0,2
BRDA:416,25,1,2
BRDA:417,26,0,2
BRDA:417,26,1,0
BRDA:418,27,0,2
BRDA:418,27,1,0
BRDA:419,28,0,2
BRDA:419,28,1,2
BRDA:420,29,0,2
BRDA:420,29,1,2
BRF:58
BRH:41
end_of_record
TN:
SF:src/routes/seller.routes.js
FN:22,(anonymous_0)
FN:110,(anonymous_1)
FN:224,(anonymous_2)
FN:254,(anonymous_3)
FN:308,(anonymous_4)
FN:354,(anonymous_5)
FN:404,(anonymous_6)
FNF:7
FNH:4
FNDA:3,(anonymous_0)
FNDA:4,(anonymous_1)
FNDA:2,(anonymous_2)
FNDA:0,(anonymous_3)
FNDA:0,(anonymous_4)
FNDA:2,(anonymous_5)
FNDA:0,(anonymous_6)
DA:15,1
DA:17,1
DA:18,1
DA:19,1
DA:22,1
DA:23,3
DA:35,3
DA:38,3
DA:40,3
DA:64,1
DA:67,1
DA:76,1
DA:82,2
DA:84,2
DA:85,2
DA:86,1
DA:90,1
DA:91,1
DA:95,0
DA:96,0
DA:102,0
DA:110,1
DA:111,4
DA:112,4
DA:115,4
DA:120,4
DA:121,1
DA:126,3
DA:129,3
DA:133,1
DA:136,1
DA:142,2
DA:143,1
DA:149,1
DA:154,1
DA:156,0
DA:157,0
DA:159,0
DA:160,0
DA:161,0
DA:168,0
DA:173,0
DA:180,0
DA:187,1
DA:195,1
DA:205,1
DA:206,1
DA:207,1
DA:209,1
DA:215,0
DA:216,0
DA:224,1
DA:225,2
DA:226,2
DA:235,2
DA:236,1
DA:241,1
DA:245,0
DA:246,0
DA:254,1
DA:255,0
DA:264,0
DA:266,0
DA:290,0
DA:295,0
DA:296,0
DA:304,1
DA:309,0
DA:310,0
DA:313,0
DA:318,0
DA:321,0
DA:326,0
DA:327,0
DA:333,0
DA:335,0
DA:340,0
DA:344,0
DA:345,0
DA:354,1
DA:355,2
DA:356,2
DA:358,2
DA:364,2
DA:365,2
DA:367,2
DA:368,1
DA:373,1
DA:374,1
DA:377,2
DA:380,2
DA:382,2
DA:384,2
DA:388,2
DA:395,0
DA:396,0
DA:404,1
DA:405,0
DA:406,0
DA:408,0
DA:416,0
DA:417,0
DA:422,0
DA:426,0
DA:427,0
LF:105
LH:62
BRDA:56,0,0,3
BRDA:56,0,1,3
BRDA:57,1,0,3
BRDA:57,1,1,3
BRDA:58,2,0,3
BRDA:58,2,1,3
BRDA:59,3,0,3
BRDA:59,3,1,3
BRDA:60,4,0,3
BRDA:60,4,1,3
BRDA:84,5,0,2
BRDA:84,5,1,0
BRDA:85,6,0,1
BRDA:85,6,1,1
BRDA:90,7,0,1
BRDA:90,7,1,0
BRDA:95,8,0,0
BRDA:95,8,1,0
BRDA:120,9,0,1
BRDA:120,9,1,3
BRDA:129,10,0,1
BRDA:129,10,1,2
BRDA:130,11,0,3
BRDA:130,11,1,1
BRDA:142,12,0,1
BRDA:142,12,1,1
BRDA:154,13,0,0
BRDA:154,13,1,1
BRDA:159,14,0,0
BRDA:159,14,1,0
BRDA:235,15,0,1
BRDA:235,15,1,1
BRDA:326,16,0,0
BRDA:326,16,1,0
BRDA:356,17,0,1
BRDA:356,18,0,1
BRDA:367,19,0,1
BRDA:367,19,1,1
BRDA:416,20,0,0
BRDA:416,20,1,0
BRF:40
BRH:29
end_of_record
TN:
SF:src/routes/tournament.routes.js
FN:5,(anonymous_0)
FN:13,(anonymous_1)
FN:27,(anonymous_2)
FN:73,(anonymous_3)
FNF:4
FNH:4
FNDA:1,(anonymous_0)
FNDA:2,(anonymous_1)
FNDA:3,(anonymous_2)
FNDA:2,(anonymous_3)
DA:3,1
DA:5,1
DA:6,1
DA:7,1
DA:10,1
DA:13,1
DA:14,2
DA:15,2
DA:16,1
DA:20,1
DA:22,1
DA:23,1
DA:27,1
DA:28,3
DA:29,3
DA:31,3
DA:36,3
DA:37,1
DA:40,2
DA:41,2
DA:43,2
DA:44,1
DA:49,1
DA:54,1
DA:59,1
DA:61,1
DA:66,1
DA:68,0
DA:69,0
DA:73,1
DA:74,2
DA:75,2
DA:76,2
DA:82,1
DA:84,1
DA:85,1
LF:36
LH:34
BRDA:36,0,0,1
BRDA:36,0,1,2
BRDA:43,1,0,1
BRDA:43,1,1,1
BRF:4
BRH:4
end_of_record
TN:
SF:src/routes/user.routes.js
FN:13,(anonymous_0)
FN:107,(anonymous_1)
FN:155,(anonymous_2)
FN:201,(anonymous_3)
FN:224,(anonymous_4)
FN:243,(anonymous_5)
FNF:6
FNH:6
FNDA:3,(anonymous_0)
FNDA:3,(anonymous_1)
FNDA:1,(anonymous_2)
FNDA:2,(anonymous_3)
FNDA:1,(anonymous_4)
FNDA:2,(anonymous_5)
DA:10,1
DA:13,1
DA:14,3
DA:15,3
DA:17,3
DA:19,3
DA:22,3
DA:37,3
DA:38,2
DA:39,2
DA:45,1
DA:46,1
DA:49,1
DA:58,1
DA:61,1
DA:69,1
DA:72,1
DA:82,1
DA:84,1
DA:97,0
DA:98,0
DA:99,0
DA:107,1
DA:108,3
DA:109,3
DA:111,3
DA:114,3
DA:123,3
DA:124,1
DA:129,2
DA:132,2
DA:133,1
DA:139,1
DA:141,1
DA:142,0
DA:148,1
DA:155,1
DA:158,1
DA:166,1
DA:177,1
DA:179,1
DA:192,0
DA:193,0
DA:201,1
DA:202,2
DA:204,2
DA:213,2
DA:214,1
DA:219,1
DA:224,1
DA:226,1
DA:234,0
DA:235,0
DA:243,1
DA:244,2
DA:246,2
DA:249,2
DA:254,2
DA:255,1
DA:256,1
DA:262,1
DA:267,1
DA:272,1
DA:274,1
DA:276,1
DA:280,0
DA:281,0
DA:282,0
LF:68
LH:57
BRDA:37,0,0,2
BRDA:37,0,1,1
BRDA:55,1,0,1
BRDA:55,1,1,0
BRDA:66,2,0,1
BRDA:66,2,1,0
BRDA:123,3,0,1
BRDA:123,3,1,2
BRDA:132,4,0,1
BRDA:132,4,1,1
BRDA:141,5,0,0
BRDA:141,5,1,1
BRDA:213,6,0,1
BRDA:213,6,1,1
BRDA:213,7,0,2
BRDA:213,7,1,1
BRDA:254,8,0,1
BRDA:254,8,1,1
BRF:18
BRH:15
end_of_record
